2023/05/02 15:08:03 [notice] 8#8: using the "epoll" event method
2023/05/02 15:08:03 [notice] 8#8: nginx/1.23.3
2023/05/02 15:08:03 [notice] 8#8: built by gcc 10.2.1 20210110 (Debian 10.2.1-6) 
2023/05/02 15:08:03 [notice] 8#8: OS: Linux 5.15.49-linuxkit
2023/05/02 15:08:03 [notice] 8#8: getrlimit(RLIMIT_NOFILE): 1048576:1048576
2023/05/02 15:08:03 [notice] 8#8: start worker processes
2023/05/02 15:08:03 [notice] 8#8: start worker process 10
2023/05/02 15:08:03 [notice] 8#8: start worker process 11
2023/05/02 15:08:03 [notice] 8#8: start worker process 12
2023/05/02 15:08:03 [notice] 8#8: start worker process 13
2023/05/02 21:08:03 [notice] 14#14: signal process started
2023/05/02 21:08:03 [notice] 8#8: signal 1 (SIGHUP) received from 14, reconfiguring
2023/05/02 21:08:03 [notice] 8#8: reconfiguring
2023/05/02 21:08:03 [notice] 8#8: using the "epoll" event method
2023/05/02 21:08:03 [notice] 8#8: start worker processes
2023/05/02 21:08:03 [notice] 8#8: start worker process 16
2023/05/02 21:08:03 [notice] 8#8: start worker process 17
2023/05/02 21:08:03 [notice] 8#8: start worker process 18
2023/05/02 21:08:03 [notice] 8#8: start worker process 19
2023/05/02 21:08:04 [notice] 13#13: gracefully shutting down
2023/05/02 21:08:04 [notice] 10#10: gracefully shutting down
2023/05/02 21:08:04 [notice] 11#11: gracefully shutting down
2023/05/02 21:08:04 [notice] 12#12: gracefully shutting down
2023/05/02 21:08:04 [notice] 13#13: exiting
2023/05/02 21:08:04 [notice] 13#13: exit
2023/05/02 21:08:04 [notice] 10#10: exiting
2023/05/02 21:08:04 [notice] 11#11: exiting
2023/05/02 21:08:04 [notice] 12#12: exiting
2023/05/02 21:08:04 [notice] 10#10: exit
2023/05/02 21:08:04 [notice] 11#11: exit
2023/05/02 21:08:04 [notice] 12#12: exit
2023/05/02 21:08:04 [notice] 8#8: signal 17 (SIGCHLD) received from 11
2023/05/02 21:08:04 [notice] 8#8: worker process 11 exited with code 0
2023/05/02 21:08:04 [notice] 8#8: worker process 13 exited with code 0
2023/05/02 21:08:04 [notice] 8#8: signal 29 (SIGIO) received
2023/05/02 21:08:04 [notice] 8#8: signal 17 (SIGCHLD) received from 12
2023/05/02 21:08:04 [notice] 8#8: worker process 10 exited with code 0
2023/05/02 21:08:04 [notice] 8#8: worker process 12 exited with code 0
2023/05/02 21:08:04 [notice] 8#8: signal 29 (SIGIO) received
2023/05/02 21:08:04 [notice] 8#8: signal 17 (SIGCHLD) received from 10
2023/05/03 16:37:00 [notice] 7#7: using the "epoll" event method
2023/05/03 16:37:00 [notice] 7#7: nginx/1.23.3
2023/05/03 16:37:00 [notice] 7#7: built by gcc 10.2.1 20210110 (Debian 10.2.1-6) 
2023/05/03 16:37:00 [notice] 7#7: OS: Linux 5.15.49-linuxkit
2023/05/03 16:37:00 [notice] 7#7: getrlimit(RLIMIT_NOFILE): 1048576:1048576
2023/05/03 16:37:00 [notice] 7#7: start worker processes
2023/05/03 16:37:00 [notice] 7#7: start worker process 9
2023/05/03 16:37:00 [notice] 7#7: start worker process 10
2023/05/03 16:37:00 [notice] 7#7: start worker process 11
2023/05/03 16:37:00 [notice] 7#7: start worker process 12
2023/05/03 22:37:00 [notice] 13#13: signal process started
2023/05/03 22:37:00 [notice] 7#7: signal 1 (SIGHUP) received from 13, reconfiguring
2023/05/03 22:37:00 [notice] 7#7: reconfiguring
2023/05/03 22:37:00 [notice] 7#7: using the "epoll" event method
2023/05/03 22:37:00 [notice] 7#7: start worker processes
2023/05/03 22:37:00 [notice] 7#7: start worker process 15
2023/05/03 22:37:00 [notice] 7#7: start worker process 16
2023/05/03 22:37:00 [notice] 7#7: start worker process 17
2023/05/03 22:37:00 [notice] 7#7: start worker process 18
2023/05/03 22:37:00 [notice] 12#12: gracefully shutting down
2023/05/03 22:37:00 [notice] 9#9: gracefully shutting down
2023/05/03 22:37:00 [notice] 10#10: gracefully shutting down
2023/05/03 22:37:00 [notice] 10#10: exiting
2023/05/03 22:37:00 [notice] 11#11: gracefully shutting down
2023/05/03 22:37:00 [notice] 12#12: exiting
2023/05/03 22:37:00 [notice] 9#9: exiting
2023/05/03 22:37:00 [notice] 11#11: exiting
2023/05/03 22:37:00 [notice] 9#9: exit
2023/05/03 22:37:00 [notice] 10#10: exit
2023/05/03 22:37:00 [notice] 12#12: exit
2023/05/03 22:37:00 [notice] 11#11: exit
2023/05/03 22:37:00 [notice] 7#7: signal 17 (SIGCHLD) received from 11
2023/05/03 22:37:00 [notice] 7#7: worker process 11 exited with code 0
2023/05/03 22:37:00 [notice] 7#7: worker process 12 exited with code 0
2023/05/03 22:37:00 [notice] 7#7: signal 29 (SIGIO) received
2023/05/03 22:37:00 [notice] 7#7: signal 17 (SIGCHLD) received from 10
2023/05/03 22:37:00 [notice] 7#7: worker process 10 exited with code 0
2023/05/03 22:37:00 [notice] 7#7: signal 29 (SIGIO) received
2023/05/03 22:37:00 [notice] 7#7: signal 17 (SIGCHLD) received from 9
2023/05/03 22:37:00 [notice] 7#7: worker process 9 exited with code 0
2023/05/03 22:37:00 [notice] 7#7: signal 29 (SIGIO) received
2023/05/04 23:34:57 [notice] 9#9: using the "epoll" event method
2023/05/04 23:34:57 [notice] 9#9: nginx/1.23.3
2023/05/04 23:34:57 [notice] 9#9: built by gcc 10.2.1 20210110 (Debian 10.2.1-6) 
2023/05/04 23:34:57 [notice] 9#9: OS: Linux 5.15.49-linuxkit
2023/05/04 23:34:57 [notice] 9#9: getrlimit(RLIMIT_NOFILE): 1048576:1048576
2023/05/04 23:34:57 [notice] 9#9: start worker processes
2023/05/04 23:34:57 [notice] 9#9: start worker process 10
2023/05/04 23:34:57 [notice] 9#9: start worker process 11
2023/05/04 23:34:57 [notice] 9#9: start worker process 12
2023/05/04 23:34:57 [notice] 9#9: start worker process 13
2023/05/05 16:09:22 [notice] 8#8: using the "epoll" event method
2023/05/05 16:09:22 [notice] 8#8: nginx/1.23.3
2023/05/05 16:09:22 [notice] 8#8: built by gcc 10.2.1 20210110 (Debian 10.2.1-6) 
2023/05/05 16:09:22 [notice] 8#8: OS: Linux 5.15.49-linuxkit
2023/05/05 16:09:22 [notice] 8#8: getrlimit(RLIMIT_NOFILE): 1048576:1048576
2023/05/05 16:09:22 [notice] 8#8: start worker processes
2023/05/05 16:09:22 [notice] 8#8: start worker process 10
2023/05/05 16:09:22 [notice] 8#8: start worker process 11
2023/05/05 16:09:22 [notice] 8#8: start worker process 12
2023/05/05 16:09:22 [notice] 8#8: start worker process 13
2023/05/05 22:09:22 [notice] 14#14: signal process started
2023/05/05 22:09:22 [notice] 8#8: signal 1 (SIGHUP) received from 14, reconfiguring
2023/05/05 22:09:22 [notice] 8#8: reconfiguring
2023/05/05 22:09:22 [notice] 8#8: using the "epoll" event method
2023/05/05 22:09:22 [notice] 8#8: start worker processes
2023/05/05 22:09:22 [notice] 8#8: start worker process 16
2023/05/05 22:09:22 [notice] 8#8: start worker process 17
2023/05/05 22:09:22 [notice] 8#8: start worker process 18
2023/05/05 22:09:22 [notice] 8#8: start worker process 19
2023/05/05 22:09:22 [notice] 13#13: gracefully shutting down
2023/05/05 22:09:22 [notice] 11#11: gracefully shutting down
2023/05/05 22:09:22 [notice] 12#12: gracefully shutting down
2023/05/05 22:09:22 [notice] 12#12: exiting
2023/05/05 22:09:22 [notice] 10#10: gracefully shutting down
2023/05/05 22:09:22 [notice] 10#10: exiting
2023/05/05 22:09:22 [notice] 13#13: exiting
2023/05/05 22:09:22 [notice] 11#11: exiting
2023/05/05 22:09:22 [notice] 10#10: exit
2023/05/05 22:09:22 [notice] 12#12: exit
2023/05/05 22:09:22 [notice] 13#13: exit
2023/05/05 22:09:22 [notice] 11#11: exit
2023/05/05 22:09:22 [notice] 8#8: signal 17 (SIGCHLD) received from 13
2023/05/05 22:09:22 [notice] 8#8: worker process 10 exited with code 0
2023/05/05 22:09:22 [notice] 8#8: worker process 11 exited with code 0
2023/05/05 22:09:22 [notice] 8#8: worker process 13 exited with code 0
2023/05/05 22:09:22 [notice] 8#8: signal 29 (SIGIO) received
2023/05/05 22:09:22 [notice] 8#8: signal 17 (SIGCHLD) received from 12
2023/05/05 22:09:22 [notice] 8#8: worker process 12 exited with code 0
2023/05/05 22:09:22 [notice] 8#8: signal 29 (SIGIO) received
2023/05/08 19:42:25 [notice] 8#8: using the "epoll" event method
2023/05/08 19:42:25 [notice] 8#8: nginx/1.23.3
2023/05/08 19:42:25 [notice] 8#8: built by gcc 10.2.1 20210110 (Debian 10.2.1-6) 
2023/05/08 19:42:25 [notice] 8#8: OS: Linux 5.15.49-linuxkit
2023/05/08 19:42:25 [notice] 8#8: getrlimit(RLIMIT_NOFILE): 1048576:1048576
2023/05/08 19:42:25 [notice] 8#8: start worker processes
2023/05/08 19:42:25 [notice] 8#8: start worker process 10
2023/05/08 19:42:25 [notice] 8#8: start worker process 11
2023/05/08 19:42:25 [notice] 8#8: start worker process 12
2023/05/08 19:42:25 [notice] 8#8: start worker process 13
2023/05/09 17:37:59 [notice] 8#8: using the "epoll" event method
2023/05/09 17:37:59 [notice] 8#8: nginx/1.23.3
2023/05/09 17:37:59 [notice] 8#8: built by gcc 10.2.1 20210110 (Debian 10.2.1-6) 
2023/05/09 17:37:59 [notice] 8#8: OS: Linux 5.15.49-linuxkit
2023/05/09 17:37:59 [notice] 8#8: getrlimit(RLIMIT_NOFILE): 1048576:1048576
2023/05/09 17:37:59 [notice] 8#8: start worker processes
2023/05/09 17:37:59 [notice] 8#8: start worker process 10
2023/05/09 17:37:59 [notice] 8#8: start worker process 11
2023/05/09 17:37:59 [notice] 8#8: start worker process 12
2023/05/09 17:37:59 [notice] 8#8: start worker process 13
2023/05/11 22:04:14 [notice] 8#8: using the "epoll" event method
2023/05/11 22:04:14 [notice] 8#8: nginx/1.23.3
2023/05/11 22:04:14 [notice] 8#8: built by gcc 10.2.1 20210110 (Debian 10.2.1-6) 
2023/05/11 22:04:14 [notice] 8#8: OS: Linux 5.15.49-linuxkit
2023/05/11 22:04:14 [notice] 8#8: getrlimit(RLIMIT_NOFILE): 1048576:1048576
2023/05/11 22:04:14 [notice] 8#8: start worker processes
2023/05/11 22:04:14 [notice] 8#8: start worker process 10
2023/05/11 22:04:14 [notice] 8#8: start worker process 11
2023/05/11 22:04:14 [notice] 8#8: start worker process 12
2023/05/11 22:04:14 [notice] 8#8: start worker process 13
2023/05/12 16:59:26 [notice] 9#9: using the "epoll" event method
2023/05/12 16:59:26 [notice] 9#9: nginx/1.23.3
2023/05/12 16:59:26 [notice] 9#9: built by gcc 10.2.1 20210110 (Debian 10.2.1-6) 
2023/05/12 16:59:26 [notice] 9#9: OS: Linux 5.15.49-linuxkit
2023/05/12 16:59:26 [notice] 9#9: getrlimit(RLIMIT_NOFILE): 1048576:1048576
2023/05/12 16:59:26 [notice] 9#9: start worker processes
2023/05/12 16:59:26 [notice] 9#9: start worker process 11
2023/05/12 16:59:26 [notice] 9#9: start worker process 12
2023/05/12 16:59:26 [notice] 9#9: start worker process 13
2023/05/12 16:59:26 [notice] 9#9: start worker process 14
2023/05/12 22:59:26 [notice] 15#15: signal process started
2023/05/12 22:59:26 [notice] 9#9: signal 1 (SIGHUP) received from 15, reconfiguring
2023/05/12 22:59:26 [notice] 9#9: reconfiguring
2023/05/12 22:59:26 [notice] 9#9: using the "epoll" event method
2023/05/12 22:59:26 [notice] 9#9: start worker processes
2023/05/12 22:59:26 [notice] 9#9: start worker process 17
2023/05/12 22:59:26 [notice] 9#9: start worker process 18
2023/05/12 22:59:26 [notice] 9#9: start worker process 19
2023/05/12 22:59:26 [notice] 9#9: start worker process 20
2023/05/12 22:59:26 [notice] 14#14: gracefully shutting down
2023/05/12 22:59:26 [notice] 12#12: gracefully shutting down
2023/05/12 22:59:26 [notice] 11#11: gracefully shutting down
2023/05/12 22:59:26 [notice] 13#13: gracefully shutting down
2023/05/12 22:59:26 [notice] 14#14: exiting
2023/05/12 22:59:26 [notice] 12#12: exiting
2023/05/12 22:59:26 [notice] 14#14: exit
2023/05/12 22:59:26 [notice] 11#11: exiting
2023/05/12 22:59:26 [notice] 13#13: exiting
2023/05/12 22:59:26 [notice] 12#12: exit
2023/05/12 22:59:26 [notice] 11#11: exit
2023/05/12 22:59:26 [notice] 13#13: exit
2023/05/12 22:59:26 [notice] 9#9: signal 17 (SIGCHLD) received from 13
2023/05/12 22:59:26 [notice] 9#9: worker process 13 exited with code 0
2023/05/12 22:59:26 [notice] 9#9: worker process 14 exited with code 0
2023/05/12 22:59:26 [notice] 9#9: signal 29 (SIGIO) received
2023/05/12 22:59:26 [notice] 9#9: signal 17 (SIGCHLD) received from 12
2023/05/12 22:59:26 [notice] 9#9: worker process 11 exited with code 0
2023/05/12 22:59:26 [notice] 9#9: worker process 12 exited with code 0
2023/05/12 22:59:26 [notice] 9#9: signal 29 (SIGIO) received
2023/05/12 22:59:26 [notice] 9#9: signal 17 (SIGCHLD) received from 11
2023/05/13 00:04:02 [notice] 8#8: using the "epoll" event method
2023/05/13 00:04:02 [notice] 8#8: nginx/1.23.3
2023/05/13 00:04:02 [notice] 8#8: built by gcc 10.2.1 20210110 (Debian 10.2.1-6) 
2023/05/13 00:04:02 [notice] 8#8: OS: Linux 5.15.49-linuxkit
2023/05/13 00:04:02 [notice] 8#8: getrlimit(RLIMIT_NOFILE): 1048576:1048576
2023/05/13 00:04:02 [notice] 8#8: start worker processes
2023/05/13 00:04:02 [notice] 8#8: start worker process 10
2023/05/13 00:04:02 [notice] 8#8: start worker process 11
2023/05/13 00:04:02 [notice] 8#8: start worker process 12
2023/05/13 00:04:02 [notice] 8#8: start worker process 13
2023/05/15 17:19:18 [notice] 8#8: using the "epoll" event method
2023/05/15 17:19:18 [notice] 8#8: nginx/1.23.3
2023/05/15 17:19:18 [notice] 8#8: built by gcc 10.2.1 20210110 (Debian 10.2.1-6) 
2023/05/15 17:19:18 [notice] 8#8: OS: Linux 5.15.49-linuxkit
2023/05/15 17:19:18 [notice] 8#8: getrlimit(RLIMIT_NOFILE): 1048576:1048576
2023/05/15 17:19:18 [notice] 8#8: start worker processes
2023/05/15 17:19:18 [notice] 8#8: start worker process 10
2023/05/15 17:19:18 [notice] 8#8: start worker process 11
2023/05/15 17:19:18 [notice] 8#8: start worker process 12
2023/05/15 17:19:18 [notice] 8#8: start worker process 13
2023/05/16 15:49:50 [notice] 8#8: using the "epoll" event method
2023/05/16 15:49:50 [notice] 8#8: nginx/1.23.3
2023/05/16 15:49:50 [notice] 8#8: built by gcc 10.2.1 20210110 (Debian 10.2.1-6) 
2023/05/16 15:49:50 [notice] 8#8: OS: Linux 5.15.49-linuxkit
2023/05/16 15:49:50 [notice] 8#8: getrlimit(RLIMIT_NOFILE): 1048576:1048576
2023/05/16 15:49:50 [notice] 8#8: start worker processes
2023/05/16 15:49:50 [notice] 8#8: start worker process 10
2023/05/16 15:49:50 [notice] 8#8: start worker process 11
2023/05/16 15:49:50 [notice] 8#8: start worker process 12
2023/05/16 15:49:50 [notice] 8#8: start worker process 13
2023/05/16 21:49:50 [notice] 14#14: signal process started
2023/05/16 21:49:50 [notice] 8#8: signal 1 (SIGHUP) received from 14, reconfiguring
2023/05/16 21:49:50 [notice] 8#8: reconfiguring
2023/05/16 21:49:50 [notice] 8#8: using the "epoll" event method
2023/05/16 21:49:50 [notice] 8#8: start worker processes
2023/05/16 21:49:50 [notice] 8#8: start worker process 16
2023/05/16 21:49:50 [notice] 8#8: start worker process 17
2023/05/16 21:49:50 [notice] 8#8: start worker process 18
2023/05/16 21:49:50 [notice] 8#8: start worker process 19
2023/05/16 21:49:50 [notice] 11#11: gracefully shutting down
2023/05/16 21:49:50 [notice] 10#10: gracefully shutting down
2023/05/16 21:49:50 [notice] 12#12: gracefully shutting down
2023/05/16 21:49:50 [notice] 13#13: gracefully shutting down
2023/05/16 21:49:50 [notice] 13#13: exiting
2023/05/16 21:49:50 [notice] 11#11: exiting
2023/05/16 21:49:50 [notice] 13#13: exit
2023/05/16 21:49:50 [notice] 10#10: exiting
2023/05/16 21:49:50 [notice] 11#11: exit
2023/05/16 21:49:50 [notice] 10#10: exit
2023/05/16 21:49:50 [notice] 12#12: exiting
2023/05/16 21:49:50 [notice] 12#12: exit
2023/05/16 21:49:50 [notice] 8#8: signal 17 (SIGCHLD) received from 10
2023/05/16 21:49:50 [notice] 8#8: worker process 10 exited with code 0
2023/05/16 21:49:50 [notice] 8#8: worker process 11 exited with code 0
2023/05/16 21:49:50 [notice] 8#8: worker process 12 exited with code 0
2023/05/16 21:49:50 [notice] 8#8: worker process 13 exited with code 0
2023/05/16 21:49:50 [notice] 8#8: signal 29 (SIGIO) received
2023/05/16 21:49:50 [notice] 8#8: signal 17 (SIGCHLD) received from 12
2023/05/16 23:10:51 [notice] 9#9: using the "epoll" event method
2023/05/16 23:10:51 [notice] 9#9: nginx/1.23.3
2023/05/16 23:10:51 [notice] 9#9: built by gcc 10.2.1 20210110 (Debian 10.2.1-6) 
2023/05/16 23:10:51 [notice] 9#9: OS: Linux 5.15.49-linuxkit
2023/05/16 23:10:51 [notice] 9#9: getrlimit(RLIMIT_NOFILE): 1048576:1048576
2023/05/16 23:10:51 [notice] 9#9: start worker processes
2023/05/16 23:10:51 [notice] 9#9: start worker process 11
2023/05/16 23:10:51 [notice] 9#9: start worker process 12
2023/05/16 23:10:51 [notice] 9#9: start worker process 13
2023/05/16 23:10:51 [notice] 9#9: start worker process 14
2023/05/17 16:12:43 [notice] 8#8: using the "epoll" event method
2023/05/17 16:12:43 [notice] 8#8: nginx/1.23.3
2023/05/17 16:12:43 [notice] 8#8: built by gcc 10.2.1 20210110 (Debian 10.2.1-6) 
2023/05/17 16:12:43 [notice] 8#8: OS: Linux 5.15.49-linuxkit
2023/05/17 16:12:43 [notice] 8#8: getrlimit(RLIMIT_NOFILE): 1048576:1048576
2023/05/17 16:12:43 [notice] 8#8: start worker processes
2023/05/17 16:12:43 [notice] 8#8: start worker process 10
2023/05/17 16:12:43 [notice] 8#8: start worker process 11
2023/05/17 16:12:43 [notice] 8#8: start worker process 12
2023/05/17 16:12:43 [notice] 8#8: start worker process 13
2023/05/17 22:12:43 [notice] 14#14: signal process started
2023/05/17 22:12:43 [notice] 8#8: signal 1 (SIGHUP) received from 14, reconfiguring
2023/05/17 22:12:43 [notice] 8#8: reconfiguring
2023/05/17 22:12:43 [notice] 8#8: using the "epoll" event method
2023/05/17 22:12:43 [notice] 8#8: start worker processes
2023/05/17 22:12:43 [notice] 8#8: start worker process 16
2023/05/17 22:12:43 [notice] 8#8: start worker process 17
2023/05/17 22:12:43 [notice] 8#8: start worker process 18
2023/05/17 22:12:43 [notice] 8#8: start worker process 19
2023/05/17 22:12:43 [notice] 13#13: gracefully shutting down
2023/05/17 22:12:43 [notice] 10#10: gracefully shutting down
2023/05/17 22:12:43 [notice] 11#11: gracefully shutting down
2023/05/17 22:12:43 [notice] 11#11: exiting
2023/05/17 22:12:43 [notice] 12#12: gracefully shutting down
2023/05/17 22:12:43 [notice] 13#13: exiting
2023/05/17 22:12:43 [notice] 12#12: exiting
2023/05/17 22:12:43 [notice] 10#10: exiting
2023/05/17 22:12:43 [notice] 12#12: exit
2023/05/17 22:12:43 [notice] 11#11: exit
2023/05/17 22:12:43 [notice] 13#13: exit
2023/05/17 22:12:43 [notice] 10#10: exit
2023/05/17 22:12:43 [notice] 8#8: signal 17 (SIGCHLD) received from 11
2023/05/17 22:12:43 [notice] 8#8: worker process 10 exited with code 0
2023/05/17 22:12:43 [notice] 8#8: worker process 11 exited with code 0
2023/05/17 22:12:43 [notice] 8#8: worker process 12 exited with code 0
2023/05/17 22:12:43 [notice] 8#8: worker process 13 exited with code 0
2023/05/17 22:12:43 [notice] 8#8: signal 29 (SIGIO) received
2023/05/17 22:12:43 [notice] 8#8: signal 17 (SIGCHLD) received from 10
2023/05/19 16:49:22 [notice] 9#9: using the "epoll" event method
2023/05/19 16:49:22 [notice] 9#9: nginx/1.23.3
2023/05/19 16:49:22 [notice] 9#9: built by gcc 10.2.1 20210110 (Debian 10.2.1-6) 
2023/05/19 16:49:22 [notice] 9#9: OS: Linux 5.15.49-linuxkit
2023/05/19 16:49:22 [notice] 9#9: getrlimit(RLIMIT_NOFILE): 1048576:1048576
2023/05/19 16:49:22 [notice] 9#9: start worker processes
2023/05/19 16:49:22 [notice] 9#9: start worker process 11
2023/05/19 16:49:22 [notice] 9#9: start worker process 12
2023/05/19 16:49:22 [notice] 9#9: start worker process 13
2023/05/19 16:49:22 [notice] 9#9: start worker process 14
2023/05/19 22:49:22 [notice] 15#15: signal process started
2023/05/19 22:49:22 [notice] 9#9: signal 1 (SIGHUP) received from 15, reconfiguring
2023/05/19 22:49:22 [notice] 9#9: reconfiguring
2023/05/19 22:49:22 [notice] 9#9: using the "epoll" event method
2023/05/19 22:49:22 [notice] 9#9: start worker processes
2023/05/19 22:49:22 [notice] 9#9: start worker process 17
2023/05/19 22:49:22 [notice] 9#9: start worker process 18
2023/05/19 22:49:22 [notice] 9#9: start worker process 19
2023/05/19 22:49:22 [notice] 9#9: start worker process 20
2023/05/19 22:49:22 [notice] 14#14: gracefully shutting down
2023/05/19 22:49:22 [notice] 11#11: gracefully shutting down
2023/05/19 22:49:22 [notice] 13#13: gracefully shutting down
2023/05/19 22:49:22 [notice] 12#12: gracefully shutting down
2023/05/19 22:49:22 [notice] 14#14: exiting
2023/05/19 22:49:22 [notice] 11#11: exiting
2023/05/19 22:49:22 [notice] 13#13: exiting
2023/05/19 22:49:22 [notice] 14#14: exit
2023/05/19 22:49:22 [notice] 12#12: exiting
2023/05/19 22:49:22 [notice] 11#11: exit
2023/05/19 22:49:22 [notice] 13#13: exit
2023/05/19 22:49:22 [notice] 12#12: exit
2023/05/19 22:49:22 [notice] 9#9: signal 17 (SIGCHLD) received from 14
2023/05/19 22:49:22 [notice] 9#9: worker process 11 exited with code 0
2023/05/19 22:49:22 [notice] 9#9: worker process 14 exited with code 0
2023/05/19 22:49:22 [notice] 9#9: signal 29 (SIGIO) received
2023/05/19 22:49:22 [notice] 9#9: signal 17 (SIGCHLD) received from 12
2023/05/19 22:49:22 [notice] 9#9: worker process 12 exited with code 0
2023/05/19 22:49:22 [notice] 9#9: worker process 13 exited with code 0
2023/05/19 22:49:22 [notice] 9#9: signal 29 (SIGIO) received
2023/05/19 22:49:22 [notice] 9#9: signal 17 (SIGCHLD) received from 13
2023/05/22 17:07:52 [notice] 8#8: using the "epoll" event method
2023/05/22 17:07:52 [notice] 8#8: nginx/1.23.3
2023/05/22 17:07:52 [notice] 8#8: built by gcc 10.2.1 20210110 (Debian 10.2.1-6) 
2023/05/22 17:07:52 [notice] 8#8: OS: Linux 5.15.49-linuxkit
2023/05/22 17:07:52 [notice] 8#8: getrlimit(RLIMIT_NOFILE): 1048576:1048576
2023/05/22 17:07:52 [notice] 8#8: start worker processes
2023/05/22 17:07:52 [notice] 8#8: start worker process 10
2023/05/22 17:07:52 [notice] 8#8: start worker process 11
2023/05/22 17:07:52 [notice] 8#8: start worker process 12
2023/05/22 17:07:52 [notice] 8#8: start worker process 13
2023/05/22 23:07:53 [notice] 14#14: signal process started
2023/05/22 23:07:53 [notice] 8#8: signal 1 (SIGHUP) received from 14, reconfiguring
2023/05/22 23:07:53 [notice] 8#8: reconfiguring
2023/05/22 23:07:53 [notice] 8#8: using the "epoll" event method
2023/05/22 23:07:53 [notice] 8#8: start worker processes
2023/05/22 23:07:53 [notice] 8#8: start worker process 16
2023/05/22 23:07:53 [notice] 8#8: start worker process 17
2023/05/22 23:07:53 [notice] 8#8: start worker process 18
2023/05/22 23:07:53 [notice] 8#8: start worker process 19
2023/05/22 23:07:53 [notice] 13#13: gracefully shutting down
2023/05/22 23:07:53 [notice] 13#13: exiting
2023/05/22 23:07:53 [notice] 12#12: gracefully shutting down
2023/05/22 23:07:53 [notice] 10#10: gracefully shutting down
2023/05/22 23:07:53 [notice] 10#10: exiting
2023/05/22 23:07:53 [notice] 11#11: gracefully shutting down
2023/05/22 23:07:53 [notice] 13#13: exit
2023/05/22 23:07:53 [notice] 12#12: exiting
2023/05/22 23:07:53 [notice] 12#12: exit
2023/05/22 23:07:53 [notice] 10#10: exit
2023/05/22 23:07:53 [notice] 11#11: exiting
2023/05/22 23:07:53 [notice] 11#11: exit
2023/05/22 23:07:53 [notice] 8#8: signal 17 (SIGCHLD) received from 10
2023/05/22 23:07:53 [notice] 8#8: worker process 10 exited with code 0
2023/05/22 23:07:53 [notice] 8#8: worker process 12 exited with code 0
2023/05/22 23:07:53 [notice] 8#8: signal 29 (SIGIO) received
2023/05/22 23:07:53 [notice] 8#8: signal 17 (SIGCHLD) received from 13
2023/05/22 23:07:53 [notice] 8#8: worker process 13 exited with code 0
2023/05/22 23:07:53 [notice] 8#8: signal 29 (SIGIO) received
2023/05/22 23:07:53 [notice] 8#8: signal 17 (SIGCHLD) received from 11
2023/05/22 23:07:53 [notice] 8#8: worker process 11 exited with code 0
2023/05/22 23:07:53 [notice] 8#8: signal 29 (SIGIO) received
2023/05/23 16:24:03 [notice] 8#8: using the "epoll" event method
2023/05/23 16:24:03 [notice] 8#8: nginx/1.23.3
2023/05/23 16:24:03 [notice] 8#8: built by gcc 10.2.1 20210110 (Debian 10.2.1-6) 
2023/05/23 16:24:03 [notice] 8#8: OS: Linux 5.15.49-linuxkit
2023/05/23 16:24:03 [notice] 8#8: getrlimit(RLIMIT_NOFILE): 1048576:1048576
2023/05/23 16:24:03 [notice] 8#8: start worker processes
2023/05/23 16:24:03 [notice] 8#8: start worker process 10
2023/05/23 16:24:03 [notice] 8#8: start worker process 11
2023/05/23 16:24:03 [notice] 8#8: start worker process 12
2023/05/23 16:24:03 [notice] 8#8: start worker process 13
2023/05/23 22:24:04 [notice] 14#14: signal process started
2023/05/23 22:24:04 [notice] 8#8: signal 1 (SIGHUP) received from 14, reconfiguring
2023/05/23 22:24:04 [notice] 8#8: reconfiguring
2023/05/23 22:24:04 [notice] 8#8: using the "epoll" event method
2023/05/23 22:24:04 [notice] 8#8: start worker processes
2023/05/23 22:24:04 [notice] 8#8: start worker process 16
2023/05/23 22:24:04 [notice] 8#8: start worker process 17
2023/05/23 22:24:04 [notice] 8#8: start worker process 18
2023/05/23 22:24:04 [notice] 8#8: start worker process 19
2023/05/23 22:24:04 [notice] 10#10: gracefully shutting down
2023/05/23 22:24:04 [notice] 12#12: gracefully shutting down
2023/05/23 22:24:04 [notice] 13#13: gracefully shutting down
2023/05/23 22:24:04 [notice] 11#11: gracefully shutting down
2023/05/23 22:24:04 [notice] 10#10: exiting
2023/05/23 22:24:04 [notice] 12#12: exiting
2023/05/23 22:24:04 [notice] 10#10: exit
2023/05/23 22:24:04 [notice] 13#13: exiting
2023/05/23 22:24:04 [notice] 13#13: exit
2023/05/23 22:24:04 [notice] 11#11: exiting
2023/05/23 22:24:04 [notice] 12#12: exit
2023/05/23 22:24:04 [notice] 11#11: exit
2023/05/23 22:24:04 [notice] 8#8: signal 17 (SIGCHLD) received from 10
2023/05/23 22:24:04 [notice] 8#8: worker process 10 exited with code 0
2023/05/23 22:24:04 [notice] 8#8: worker process 13 exited with code 0
2023/05/23 22:24:04 [notice] 8#8: signal 29 (SIGIO) received
2023/05/23 22:24:04 [notice] 8#8: signal 17 (SIGCHLD) received from 12
2023/05/23 22:24:04 [notice] 8#8: worker process 11 exited with code 0
2023/05/23 22:24:04 [notice] 8#8: worker process 12 exited with code 0
2023/05/23 22:24:04 [notice] 8#8: signal 29 (SIGIO) received
2023/05/25 15:42:16 [notice] 8#8: using the "epoll" event method
2023/05/25 15:42:16 [notice] 8#8: nginx/1.23.3
2023/05/25 15:42:16 [notice] 8#8: built by gcc 10.2.1 20210110 (Debian 10.2.1-6) 
2023/05/25 15:42:16 [notice] 8#8: OS: Linux 5.15.49-linuxkit
2023/05/25 15:42:16 [notice] 8#8: getrlimit(RLIMIT_NOFILE): 1048576:1048576
2023/05/25 15:42:16 [notice] 8#8: start worker processes
2023/05/25 15:42:16 [notice] 8#8: start worker process 10
2023/05/25 15:42:16 [notice] 8#8: start worker process 11
2023/05/25 15:42:16 [notice] 8#8: start worker process 12
2023/05/25 15:42:16 [notice] 8#8: start worker process 13
2023/05/25 21:42:16 [notice] 14#14: signal process started
2023/05/25 21:42:16 [notice] 8#8: signal 1 (SIGHUP) received from 14, reconfiguring
2023/05/25 21:42:16 [notice] 8#8: reconfiguring
2023/05/25 21:42:16 [notice] 8#8: using the "epoll" event method
2023/05/25 21:42:16 [notice] 8#8: start worker processes
2023/05/25 21:42:16 [notice] 8#8: start worker process 16
2023/05/25 21:42:16 [notice] 8#8: start worker process 17
2023/05/25 21:42:16 [notice] 8#8: start worker process 18
2023/05/25 21:42:16 [notice] 8#8: start worker process 19
2023/05/25 21:42:16 [notice] 13#13: gracefully shutting down
2023/05/25 21:42:16 [notice] 13#13: exiting
2023/05/25 21:42:16 [notice] 10#10: gracefully shutting down
2023/05/25 21:42:16 [notice] 11#11: gracefully shutting down
2023/05/25 21:42:16 [notice] 12#12: gracefully shutting down
2023/05/25 21:42:16 [notice] 10#10: exiting
2023/05/25 21:42:16 [notice] 13#13: exit
2023/05/25 21:42:16 [notice] 11#11: exiting
2023/05/25 21:42:16 [notice] 12#12: exiting
2023/05/25 21:42:16 [notice] 10#10: exit
2023/05/25 21:42:16 [notice] 11#11: exit
2023/05/25 21:42:16 [notice] 12#12: exit
2023/05/25 21:42:16 [notice] 8#8: signal 17 (SIGCHLD) received from 10
2023/05/25 21:42:16 [notice] 8#8: worker process 10 exited with code 0
2023/05/25 21:42:16 [notice] 8#8: worker process 11 exited with code 0
2023/05/25 21:42:16 [notice] 8#8: worker process 12 exited with code 0
2023/05/25 21:42:16 [notice] 8#8: signal 29 (SIGIO) received
2023/05/25 21:42:16 [notice] 8#8: signal 17 (SIGCHLD) received from 13
2023/05/25 21:42:16 [notice] 8#8: worker process 13 exited with code 0
2023/05/25 21:42:16 [notice] 8#8: signal 29 (SIGIO) received
2023/05/29 15:16:00 [notice] 8#8: using the "epoll" event method
2023/05/29 15:16:00 [notice] 8#8: nginx/1.23.3
2023/05/29 15:16:00 [notice] 8#8: built by gcc 10.2.1 20210110 (Debian 10.2.1-6) 
2023/05/29 15:16:00 [notice] 8#8: OS: Linux 5.15.49-linuxkit
2023/05/29 15:16:00 [notice] 8#8: getrlimit(RLIMIT_NOFILE): 1048576:1048576
2023/05/29 15:16:00 [notice] 8#8: start worker processes
2023/05/29 15:16:00 [notice] 8#8: start worker process 10
2023/05/29 15:16:00 [notice] 8#8: start worker process 11
2023/05/29 15:16:00 [notice] 8#8: start worker process 12
2023/05/29 15:16:00 [notice] 8#8: start worker process 13
2023/06/12 22:38:59 [notice] 7#7: using the "epoll" event method
2023/06/12 22:38:59 [notice] 7#7: nginx/1.23.3
2023/06/12 22:38:59 [notice] 7#7: built by gcc 10.2.1 20210110 (Debian 10.2.1-6) 
2023/06/12 22:38:59 [notice] 7#7: OS: Linux 5.15.49-linuxkit-pr
2023/06/12 22:38:59 [notice] 7#7: getrlimit(RLIMIT_NOFILE): 1048576:1048576
2023/06/12 22:38:59 [notice] 7#7: start worker processes
2023/06/12 22:38:59 [notice] 7#7: start worker process 9
2023/06/12 22:38:59 [notice] 7#7: start worker process 10
2023/06/12 22:38:59 [notice] 7#7: start worker process 11
2023/06/12 22:38:59 [notice] 7#7: start worker process 12
2023/06/12 23:53:33 [notice] 8#8: using the "epoll" event method
2023/06/12 23:53:33 [notice] 8#8: nginx/1.23.3
2023/06/12 23:53:33 [notice] 8#8: built by gcc 10.2.1 20210110 (Debian 10.2.1-6) 
2023/06/12 23:53:33 [notice] 8#8: OS: Linux 5.15.49-linuxkit-pr
2023/06/12 23:53:33 [notice] 8#8: getrlimit(RLIMIT_NOFILE): 1048576:1048576
2023/06/12 23:53:33 [notice] 8#8: start worker processes
2023/06/12 23:53:33 [notice] 8#8: start worker process 10
2023/06/12 23:53:33 [notice] 8#8: start worker process 11
2023/06/12 23:53:33 [notice] 8#8: start worker process 12
2023/06/12 23:53:33 [notice] 8#8: start worker process 13
2023/06/13 00:07:34 [notice] 8#8: using the "epoll" event method
2023/06/13 00:07:34 [notice] 8#8: nginx/1.23.3
2023/06/13 00:07:34 [notice] 8#8: built by gcc 10.2.1 20210110 (Debian 10.2.1-6) 
2023/06/13 00:07:34 [notice] 8#8: OS: Linux 5.15.49-linuxkit-pr
2023/06/13 00:07:34 [notice] 8#8: getrlimit(RLIMIT_NOFILE): 1048576:1048576
2023/06/13 00:07:34 [notice] 8#8: start worker processes
2023/06/13 00:07:34 [notice] 8#8: start worker process 10
2023/06/13 00:07:34 [notice] 8#8: start worker process 11
2023/06/13 00:07:34 [notice] 8#8: start worker process 12
2023/06/13 00:07:34 [notice] 8#8: start worker process 13
2023/06/13 00:07:45 [notice] 8#8: using the "epoll" event method
2023/06/13 00:07:45 [notice] 8#8: nginx/1.23.3
2023/06/13 00:07:45 [notice] 8#8: built by gcc 10.2.1 20210110 (Debian 10.2.1-6) 
2023/06/13 00:07:45 [notice] 8#8: OS: Linux 5.15.49-linuxkit-pr
2023/06/13 00:07:45 [notice] 8#8: getrlimit(RLIMIT_NOFILE): 1048576:1048576
2023/06/13 00:07:45 [notice] 8#8: start worker processes
2023/06/13 00:07:45 [notice] 8#8: start worker process 10
2023/06/13 00:07:45 [notice] 8#8: start worker process 11
2023/06/13 00:07:45 [notice] 8#8: start worker process 12
2023/06/13 00:07:45 [notice] 8#8: start worker process 13
2023/06/13 00:12:57 [notice] 8#8: using the "epoll" event method
2023/06/13 00:12:57 [notice] 8#8: nginx/1.23.3
2023/06/13 00:12:57 [notice] 8#8: built by gcc 10.2.1 20210110 (Debian 10.2.1-6) 
2023/06/13 00:12:57 [notice] 8#8: OS: Linux 5.15.49-linuxkit-pr
2023/06/13 00:12:57 [notice] 8#8: getrlimit(RLIMIT_NOFILE): 1048576:1048576
2023/06/13 00:12:57 [notice] 8#8: start worker processes
2023/06/13 00:12:57 [notice] 8#8: start worker process 10
2023/06/13 00:12:57 [notice] 8#8: start worker process 11
2023/06/13 00:12:57 [notice] 8#8: start worker process 12
2023/06/13 00:12:57 [notice] 8#8: start worker process 13
2023/06/13 00:16:09 [notice] 8#8: using the "epoll" event method
2023/06/13 00:16:09 [notice] 8#8: nginx/1.23.3
2023/06/13 00:16:09 [notice] 8#8: built by gcc 10.2.1 20210110 (Debian 10.2.1-6) 
2023/06/13 00:16:09 [notice] 8#8: OS: Linux 5.15.49-linuxkit-pr
2023/06/13 00:16:09 [notice] 8#8: getrlimit(RLIMIT_NOFILE): 1048576:1048576
2023/06/13 00:16:09 [notice] 8#8: start worker processes
2023/06/13 00:16:09 [notice] 8#8: start worker process 10
2023/06/13 00:16:09 [notice] 8#8: start worker process 11
2023/06/13 00:16:09 [notice] 8#8: start worker process 12
2023/06/13 00:16:09 [notice] 8#8: start worker process 13
2023/06/13 00:23:11 [notice] 13#13: signal 15 (SIGTERM) received, exiting
2023/06/13 00:23:11 [notice] 13#13: exiting
2023/06/13 00:23:11 [notice] 8#8: signal 15 (SIGTERM) received, exiting
2023/06/13 00:23:11 [notice] 10#10: signal 15 (SIGTERM) received, exiting
2023/06/13 00:23:11 [notice] 10#10: exiting
2023/06/13 00:23:11 [notice] 10#10: exit
2023/06/13 00:23:11 [notice] 11#11: signal 15 (SIGTERM) received, exiting
2023/06/13 00:23:11 [notice] 11#11: exiting
2023/06/13 00:23:11 [notice] 12#12: signal 15 (SIGTERM) received, exiting
2023/06/13 00:23:11 [notice] 12#12: exiting
2023/06/13 00:23:11 [notice] 12#12: exit
2023/06/13 00:23:11 [notice] 13#13: exit
2023/06/13 00:23:11 [notice] 11#11: exit
2023/06/13 00:23:11 [notice] 8#8: signal 17 (SIGCHLD) received from 12
2023/06/13 00:23:11 [notice] 8#8: worker process 12 exited with code 0
2023/06/13 00:23:11 [notice] 8#8: signal 29 (SIGIO) received
2023/06/13 00:23:11 [notice] 8#8: signal 17 (SIGCHLD) received from 10
2023/06/13 00:23:11 [notice] 8#8: worker process 10 exited with code 0
2023/06/13 00:23:11 [notice] 8#8: worker process 11 exited with code 0
2023/06/13 00:23:11 [notice] 8#8: signal 29 (SIGIO) received
2023/06/13 00:23:11 [notice] 8#8: signal 17 (SIGCHLD) received from 13
2023/06/13 00:23:11 [notice] 8#8: worker process 13 exited with code 0
2023/06/13 00:23:11 [notice] 8#8: exit
2023/06/13 00:31:27 [notice] 8#8: using the "epoll" event method
2023/06/13 00:31:27 [notice] 8#8: nginx/1.23.3
2023/06/13 00:31:27 [notice] 8#8: built by gcc 10.2.1 20210110 (Debian 10.2.1-6) 
2023/06/13 00:31:27 [notice] 8#8: OS: Linux 5.15.49-linuxkit-pr
2023/06/13 00:31:27 [notice] 8#8: getrlimit(RLIMIT_NOFILE): 1048576:1048576
2023/06/13 00:31:27 [notice] 8#8: start worker processes
2023/06/13 00:31:27 [notice] 8#8: start worker process 10
2023/06/13 00:31:27 [notice] 8#8: start worker process 11
2023/06/13 00:31:27 [notice] 8#8: start worker process 12
2023/06/13 00:31:27 [notice] 8#8: start worker process 13
2023/06/13 00:42:59 [notice] 7#7: using the "epoll" event method
2023/06/13 00:42:59 [notice] 7#7: nginx/1.23.3
2023/06/13 00:42:59 [notice] 7#7: built by gcc 10.2.1 20210110 (Debian 10.2.1-6) 
2023/06/13 00:42:59 [notice] 7#7: OS: Linux 5.15.49-linuxkit-pr
2023/06/13 00:42:59 [notice] 7#7: getrlimit(RLIMIT_NOFILE): 1048576:1048576
2023/06/13 00:42:59 [notice] 7#7: start worker processes
2023/06/13 00:42:59 [notice] 7#7: start worker process 9
2023/06/13 00:42:59 [notice] 7#7: start worker process 10
2023/06/13 00:42:59 [notice] 7#7: start worker process 11
2023/06/13 00:42:59 [notice] 7#7: start worker process 12
2023/06/13 00:44:00 [notice] 8#8: using the "epoll" event method
2023/06/13 00:44:00 [notice] 8#8: nginx/1.23.3
2023/06/13 00:44:00 [notice] 8#8: built by gcc 10.2.1 20210110 (Debian 10.2.1-6) 
2023/06/13 00:44:00 [notice] 8#8: OS: Linux 5.15.49-linuxkit-pr
2023/06/13 00:44:00 [notice] 8#8: getrlimit(RLIMIT_NOFILE): 1048576:1048576
2023/06/13 00:44:00 [notice] 8#8: start worker processes
2023/06/13 00:44:00 [notice] 8#8: start worker process 10
2023/06/13 00:44:00 [notice] 8#8: start worker process 11
2023/06/13 00:44:00 [notice] 8#8: start worker process 12
2023/06/13 00:44:00 [notice] 8#8: start worker process 13
2023/06/13 00:45:02 [notice] 8#8: using the "epoll" event method
2023/06/13 00:45:02 [notice] 8#8: nginx/1.23.3
2023/06/13 00:45:02 [notice] 8#8: built by gcc 10.2.1 20210110 (Debian 10.2.1-6) 
2023/06/13 00:45:02 [notice] 8#8: OS: Linux 5.15.49-linuxkit-pr
2023/06/13 00:45:02 [notice] 8#8: getrlimit(RLIMIT_NOFILE): 1048576:1048576
2023/06/13 00:45:02 [notice] 8#8: start worker processes
2023/06/13 00:45:02 [notice] 8#8: start worker process 10
2023/06/13 00:45:02 [notice] 8#8: start worker process 11
2023/06/13 00:45:02 [notice] 8#8: start worker process 12
2023/06/13 00:45:02 [notice] 8#8: start worker process 13
2023/06/13 19:34:43 [notice] 8#8: using the "epoll" event method
2023/06/13 19:34:43 [notice] 8#8: nginx/1.23.3
2023/06/13 19:34:43 [notice] 8#8: built by gcc 10.2.1 20210110 (Debian 10.2.1-6) 
2023/06/13 19:34:43 [notice] 8#8: OS: Linux 5.15.49-linuxkit-pr
2023/06/13 19:34:43 [notice] 8#8: getrlimit(RLIMIT_NOFILE): 1048576:1048576
2023/06/13 19:34:43 [notice] 8#8: start worker processes
2023/06/13 19:34:43 [notice] 8#8: start worker process 10
2023/06/13 19:34:43 [notice] 8#8: start worker process 11
2023/06/13 19:34:43 [notice] 8#8: start worker process 12
2023/06/13 19:34:43 [notice] 8#8: start worker process 13
2023/06/13 19:48:38 [notice] 8#8: using the "epoll" event method
2023/06/13 19:48:38 [notice] 8#8: nginx/1.23.3
2023/06/13 19:48:38 [notice] 8#8: built by gcc 10.2.1 20210110 (Debian 10.2.1-6) 
2023/06/13 19:48:38 [notice] 8#8: OS: Linux 5.15.49-linuxkit-pr
2023/06/13 19:48:38 [notice] 8#8: getrlimit(RLIMIT_NOFILE): 1048576:1048576
2023/06/13 19:48:38 [notice] 8#8: start worker processes
2023/06/13 19:48:38 [notice] 8#8: start worker process 10
2023/06/13 19:48:38 [notice] 8#8: start worker process 11
2023/06/13 19:48:38 [notice] 8#8: start worker process 12
2023/06/13 19:48:38 [notice] 8#8: start worker process 13
2023/06/13 20:23:47 [notice] 8#8: using the "epoll" event method
2023/06/13 20:23:47 [notice] 8#8: nginx/1.23.3
2023/06/13 20:23:47 [notice] 8#8: built by gcc 10.2.1 20210110 (Debian 10.2.1-6) 
2023/06/13 20:23:47 [notice] 8#8: OS: Linux 5.15.49-linuxkit-pr
2023/06/13 20:23:47 [notice] 8#8: getrlimit(RLIMIT_NOFILE): 1048576:1048576
2023/06/13 20:23:47 [notice] 8#8: start worker processes
2023/06/13 20:23:47 [notice] 8#8: start worker process 10
2023/06/13 20:23:47 [notice] 8#8: start worker process 11
2023/06/13 20:23:47 [notice] 8#8: start worker process 12
2023/06/13 20:23:47 [notice] 8#8: start worker process 13
2023/06/14 14:59:47 [notice] 8#8: using the "epoll" event method
2023/06/14 14:59:47 [notice] 8#8: nginx/1.23.3
2023/06/14 14:59:47 [notice] 8#8: built by gcc 10.2.1 20210110 (Debian 10.2.1-6) 
2023/06/14 14:59:47 [notice] 8#8: OS: Linux 5.15.49-linuxkit-pr
2023/06/14 14:59:47 [notice] 8#8: getrlimit(RLIMIT_NOFILE): 1048576:1048576
2023/06/14 14:59:47 [notice] 8#8: start worker processes
2023/06/14 14:59:47 [notice] 8#8: start worker process 10
2023/06/14 14:59:47 [notice] 8#8: start worker process 11
2023/06/14 14:59:47 [notice] 8#8: start worker process 12
2023/06/14 14:59:47 [notice] 8#8: start worker process 13
2023/06/14 16:24:29 [notice] 8#8: using the "epoll" event method
2023/06/14 16:24:29 [notice] 8#8: nginx/1.23.3
2023/06/14 16:24:29 [notice] 8#8: built by gcc 10.2.1 20210110 (Debian 10.2.1-6) 
2023/06/14 16:24:29 [notice] 8#8: OS: Linux 5.15.49-linuxkit-pr
2023/06/14 16:24:29 [notice] 8#8: getrlimit(RLIMIT_NOFILE): 1048576:1048576
2023/06/14 16:24:29 [notice] 8#8: start worker processes
2023/06/14 16:24:29 [notice] 8#8: start worker process 10
2023/06/14 16:24:29 [notice] 8#8: start worker process 11
2023/06/14 16:24:29 [notice] 8#8: start worker process 12
2023/06/14 16:24:29 [notice] 8#8: start worker process 13
2023/06/14 16:26:18 [notice] 8#8: using the "epoll" event method
2023/06/14 16:26:18 [notice] 8#8: nginx/1.23.3
2023/06/14 16:26:18 [notice] 8#8: built by gcc 10.2.1 20210110 (Debian 10.2.1-6) 
2023/06/14 16:26:18 [notice] 8#8: OS: Linux 5.15.49-linuxkit-pr
2023/06/14 16:26:18 [notice] 8#8: getrlimit(RLIMIT_NOFILE): 1048576:1048576
2023/06/14 16:26:18 [notice] 8#8: start worker processes
2023/06/14 16:26:18 [notice] 8#8: start worker process 10
2023/06/14 16:26:18 [notice] 8#8: start worker process 11
2023/06/14 16:26:18 [notice] 8#8: start worker process 12
2023/06/14 16:26:18 [notice] 8#8: start worker process 13
2023/06/14 16:28:51 [notice] 8#8: using the "epoll" event method
2023/06/14 16:28:51 [notice] 8#8: nginx/1.23.3
2023/06/14 16:28:51 [notice] 8#8: built by gcc 10.2.1 20210110 (Debian 10.2.1-6) 
2023/06/14 16:28:51 [notice] 8#8: OS: Linux 5.15.49-linuxkit-pr
2023/06/14 16:28:51 [notice] 8#8: getrlimit(RLIMIT_NOFILE): 1048576:1048576
2023/06/14 16:28:51 [notice] 8#8: start worker processes
2023/06/14 16:28:51 [notice] 8#8: start worker process 10
2023/06/14 16:28:51 [notice] 8#8: start worker process 11
2023/06/14 16:28:51 [notice] 8#8: start worker process 12
2023/06/14 16:28:51 [notice] 8#8: start worker process 13
2023/06/14 16:41:50 [notice] 9#9: using the "epoll" event method
2023/06/14 16:41:50 [notice] 9#9: nginx/1.23.3
2023/06/14 16:41:50 [notice] 9#9: built by gcc 10.2.1 20210110 (Debian 10.2.1-6) 
2023/06/14 16:41:50 [notice] 9#9: OS: Linux 5.15.49-linuxkit-pr
2023/06/14 16:41:50 [notice] 9#9: getrlimit(RLIMIT_NOFILE): 1048576:1048576
2023/06/14 16:41:50 [notice] 9#9: start worker processes
2023/06/14 16:41:50 [notice] 9#9: start worker process 11
2023/06/14 16:41:50 [notice] 9#9: start worker process 12
2023/06/14 16:41:50 [notice] 9#9: start worker process 13
2023/06/14 16:41:50 [notice] 9#9: start worker process 14
2023/06/14 22:41:50 [notice] 15#15: signal process started
2023/06/14 22:41:50 [notice] 9#9: signal 1 (SIGHUP) received from 15, reconfiguring
2023/06/14 22:41:50 [notice] 9#9: reconfiguring
2023/06/14 22:41:50 [notice] 9#9: using the "epoll" event method
2023/06/14 22:41:50 [notice] 9#9: start worker processes
2023/06/14 22:41:50 [notice] 9#9: start worker process 17
2023/06/14 22:41:50 [notice] 9#9: start worker process 18
2023/06/14 22:41:50 [notice] 9#9: start worker process 19
2023/06/14 22:41:50 [notice] 9#9: start worker process 20
2023/06/14 22:41:50 [notice] 12#12: gracefully shutting down
2023/06/14 22:41:50 [notice] 11#11: gracefully shutting down
2023/06/14 22:41:50 [notice] 11#11: exiting
2023/06/14 22:41:50 [notice] 14#14: gracefully shutting down
2023/06/14 22:41:50 [notice] 14#14: exiting
2023/06/14 22:41:50 [notice] 13#13: gracefully shutting down
2023/06/14 22:41:50 [notice] 12#12: exiting
2023/06/14 22:41:50 [notice] 11#11: exit
2023/06/14 22:41:50 [notice] 14#14: exit
2023/06/14 22:41:50 [notice] 13#13: exiting
2023/06/14 22:41:50 [notice] 12#12: exit
2023/06/14 22:41:50 [notice] 13#13: exit
2023/06/14 22:41:50 [notice] 9#9: signal 17 (SIGCHLD) received from 13
2023/06/14 22:41:50 [notice] 9#9: worker process 12 exited with code 0
2023/06/14 22:41:50 [notice] 9#9: worker process 11 exited with code 0
2023/06/14 22:41:50 [notice] 9#9: worker process 13 exited with code 0
2023/06/14 22:41:50 [notice] 9#9: worker process 14 exited with code 0
2023/06/14 22:41:50 [notice] 9#9: signal 29 (SIGIO) received
2023/06/14 22:41:50 [notice] 9#9: signal 17 (SIGCHLD) received from 11
2023/06/15 17:10:12 [notice] 8#8: using the "epoll" event method
2023/06/15 17:10:12 [notice] 8#8: nginx/1.23.3
2023/06/15 17:10:12 [notice] 8#8: built by gcc 10.2.1 20210110 (Debian 10.2.1-6) 
2023/06/15 17:10:12 [notice] 8#8: OS: Linux 5.15.49-linuxkit-pr
2023/06/15 17:10:12 [notice] 8#8: getrlimit(RLIMIT_NOFILE): 1048576:1048576
2023/06/15 17:10:12 [notice] 8#8: start worker processes
2023/06/15 17:10:12 [notice] 8#8: start worker process 10
2023/06/15 17:10:12 [notice] 8#8: start worker process 11
2023/06/15 17:10:12 [notice] 8#8: start worker process 12
2023/06/15 17:10:12 [notice] 8#8: start worker process 13
2023/06/15 23:10:12 [notice] 14#14: signal process started
2023/06/15 23:10:12 [notice] 8#8: signal 1 (SIGHUP) received from 14, reconfiguring
2023/06/15 23:10:12 [notice] 8#8: reconfiguring
2023/06/15 23:10:12 [notice] 8#8: using the "epoll" event method
2023/06/15 23:10:12 [notice] 8#8: start worker processes
2023/06/15 23:10:12 [notice] 8#8: start worker process 16
2023/06/15 23:10:12 [notice] 8#8: start worker process 17
2023/06/15 23:10:12 [notice] 8#8: start worker process 18
2023/06/15 23:10:12 [notice] 8#8: start worker process 19
2023/06/15 23:10:12 [notice] 13#13: gracefully shutting down
2023/06/15 23:10:12 [notice] 11#11: gracefully shutting down
2023/06/15 23:10:12 [notice] 10#10: gracefully shutting down
2023/06/15 23:10:12 [notice] 10#10: exiting
2023/06/15 23:10:12 [notice] 12#12: gracefully shutting down
2023/06/15 23:10:12 [notice] 13#13: exiting
2023/06/15 23:10:12 [notice] 11#11: exiting
2023/06/15 23:10:12 [notice] 10#10: exit
2023/06/15 23:10:12 [notice] 13#13: exit
2023/06/15 23:10:12 [notice] 11#11: exit
2023/06/15 23:10:12 [notice] 12#12: exiting
2023/06/15 23:10:12 [notice] 12#12: exit
2023/06/15 23:10:12 [notice] 8#8: signal 17 (SIGCHLD) received from 11
2023/06/15 23:10:12 [notice] 8#8: worker process 10 exited with code 0
2023/06/15 23:10:12 [notice] 8#8: worker process 11 exited with code 0
2023/06/15 23:10:12 [notice] 8#8: signal 29 (SIGIO) received
2023/06/15 23:10:12 [notice] 8#8: signal 17 (SIGCHLD) received from 13
2023/06/15 23:10:12 [notice] 8#8: worker process 13 exited with code 0
2023/06/15 23:10:12 [notice] 8#8: worker process 12 exited with code 0
2023/06/15 23:10:12 [notice] 8#8: signal 29 (SIGIO) received
2023/06/15 23:10:12 [notice] 8#8: signal 17 (SIGCHLD) received from 12
2023/06/17 00:10:30 [notice] 7#7: using the "epoll" event method
2023/06/17 00:10:30 [notice] 7#7: nginx/1.23.3
2023/06/17 00:10:30 [notice] 7#7: built by gcc 10.2.1 20210110 (Debian 10.2.1-6) 
2023/06/17 00:10:30 [notice] 7#7: OS: Linux 5.15.49-linuxkit-pr
2023/06/17 00:10:30 [notice] 7#7: getrlimit(RLIMIT_NOFILE): 1048576:1048576
2023/06/17 00:10:30 [notice] 7#7: start worker processes
2023/06/17 00:10:30 [notice] 7#7: start worker process 9
2023/06/17 00:10:30 [notice] 7#7: start worker process 10
2023/06/17 00:10:30 [notice] 7#7: start worker process 11
2023/06/17 00:10:30 [notice] 7#7: start worker process 12
2023/06/19 15:55:55 [notice] 8#8: using the "epoll" event method
2023/06/19 15:55:55 [notice] 8#8: nginx/1.23.3
2023/06/19 15:55:55 [notice] 8#8: built by gcc 10.2.1 20210110 (Debian 10.2.1-6) 
2023/06/19 15:55:55 [notice] 8#8: OS: Linux 5.15.49-linuxkit-pr
2023/06/19 15:55:55 [notice] 8#8: getrlimit(RLIMIT_NOFILE): 1048576:1048576
2023/06/19 15:55:55 [notice] 8#8: start worker processes
2023/06/19 15:55:55 [notice] 8#8: start worker process 10
2023/06/19 15:55:55 [notice] 8#8: start worker process 11
2023/06/19 15:55:55 [notice] 8#8: start worker process 12
2023/06/19 15:55:55 [notice] 8#8: start worker process 13
2023/06/19 21:55:55 [notice] 14#14: signal process started
2023/06/19 21:55:55 [notice] 8#8: signal 1 (SIGHUP) received from 14, reconfiguring
2023/06/19 21:55:55 [notice] 8#8: reconfiguring
2023/06/19 21:55:55 [notice] 8#8: using the "epoll" event method
2023/06/19 21:55:55 [notice] 8#8: start worker processes
2023/06/19 21:55:55 [notice] 8#8: start worker process 16
2023/06/19 21:55:55 [notice] 8#8: start worker process 17
2023/06/19 21:55:55 [notice] 8#8: start worker process 18
2023/06/19 21:55:55 [notice] 8#8: start worker process 19
2023/06/19 21:55:56 [notice] 13#13: gracefully shutting down
2023/06/19 21:55:56 [notice] 10#10: gracefully shutting down
2023/06/19 21:55:56 [notice] 10#10: exiting
2023/06/19 21:55:56 [notice] 12#12: gracefully shutting down
2023/06/19 21:55:56 [notice] 12#12: exiting
2023/06/19 21:55:56 [notice] 11#11: gracefully shutting down
2023/06/19 21:55:56 [notice] 11#11: exiting
2023/06/19 21:55:56 [notice] 11#11: exit
2023/06/19 21:55:56 [notice] 13#13: exiting
2023/06/19 21:55:56 [notice] 13#13: exit
2023/06/19 21:55:56 [notice] 10#10: exit
2023/06/19 21:55:56 [notice] 12#12: exit
2023/06/19 21:55:56 [notice] 8#8: signal 17 (SIGCHLD) received from 13
2023/06/19 21:55:56 [notice] 8#8: worker process 10 exited with code 0
2023/06/19 21:55:56 [notice] 8#8: worker process 12 exited with code 0
2023/06/19 21:55:56 [notice] 8#8: worker process 11 exited with code 0
2023/06/19 21:55:56 [notice] 8#8: worker process 13 exited with code 0
2023/06/19 21:55:56 [notice] 8#8: signal 29 (SIGIO) received
2023/06/19 21:55:56 [notice] 8#8: signal 17 (SIGCHLD) received from 11
2023/06/20 18:09:38 [notice] 8#8: using the "epoll" event method
2023/06/20 18:09:38 [notice] 8#8: nginx/1.23.3
2023/06/20 18:09:38 [notice] 8#8: built by gcc 10.2.1 20210110 (Debian 10.2.1-6) 
2023/06/20 18:09:38 [notice] 8#8: OS: Linux 5.15.49-linuxkit-pr
2023/06/20 18:09:38 [notice] 8#8: getrlimit(RLIMIT_NOFILE): 1048576:1048576
2023/06/20 18:09:38 [notice] 8#8: start worker processes
2023/06/20 18:09:38 [notice] 8#8: start worker process 10
2023/06/20 18:09:38 [notice] 8#8: start worker process 11
2023/06/20 18:09:38 [notice] 8#8: start worker process 12
2023/06/20 18:09:38 [notice] 8#8: start worker process 13
2023/06/21 00:09:38 [notice] 14#14: signal process started
2023/06/21 00:09:38 [notice] 8#8: signal 1 (SIGHUP) received from 14, reconfiguring
2023/06/21 00:09:38 [notice] 8#8: reconfiguring
2023/06/21 00:09:38 [notice] 8#8: using the "epoll" event method
2023/06/21 00:09:38 [notice] 8#8: start worker processes
2023/06/21 00:09:38 [notice] 8#8: start worker process 16
2023/06/21 00:09:38 [notice] 8#8: start worker process 17
2023/06/21 00:09:38 [notice] 8#8: start worker process 18
2023/06/21 00:09:38 [notice] 8#8: start worker process 19
2023/06/21 00:09:38 [notice] 13#13: gracefully shutting down
2023/06/21 00:09:38 [notice] 12#12: gracefully shutting down
2023/06/21 00:09:38 [notice] 11#11: gracefully shutting down
2023/06/21 00:09:38 [notice] 10#10: gracefully shutting down
2023/06/21 00:09:38 [notice] 13#13: exiting
2023/06/21 00:09:38 [notice] 12#12: exiting
2023/06/21 00:09:38 [notice] 11#11: exiting
2023/06/21 00:09:38 [notice] 10#10: exiting
2023/06/21 00:09:38 [notice] 12#12: exit
2023/06/21 00:09:38 [notice] 11#11: exit
2023/06/21 00:09:38 [notice] 10#10: exit
2023/06/21 00:09:38 [notice] 13#13: exit
2023/06/21 00:09:38 [notice] 8#8: signal 17 (SIGCHLD) received from 10
2023/06/21 00:09:38 [notice] 8#8: worker process 10 exited with code 0
2023/06/21 00:09:38 [notice] 8#8: worker process 12 exited with code 0
2023/06/21 00:09:38 [notice] 8#8: worker process 13 exited with code 0
2023/06/21 00:09:38 [notice] 8#8: signal 29 (SIGIO) received
2023/06/21 00:09:38 [notice] 8#8: signal 17 (SIGCHLD) received from 11
2023/06/21 00:09:38 [notice] 8#8: worker process 11 exited with code 0
2023/06/21 00:09:38 [notice] 8#8: signal 29 (SIGIO) received
2023/06/22 19:02:06 [notice] 8#8: using the "epoll" event method
2023/06/22 19:02:06 [notice] 8#8: nginx/1.23.3
2023/06/22 19:02:06 [notice] 8#8: built by gcc 10.2.1 20210110 (Debian 10.2.1-6) 
2023/06/22 19:02:06 [notice] 8#8: OS: Linux 5.15.49-linuxkit-pr
2023/06/22 19:02:06 [notice] 8#8: getrlimit(RLIMIT_NOFILE): 1048576:1048576
2023/06/22 19:02:06 [notice] 8#8: start worker processes
2023/06/22 19:02:06 [notice] 8#8: start worker process 10
2023/06/22 19:02:06 [notice] 8#8: start worker process 11
2023/06/22 19:02:06 [notice] 8#8: start worker process 12
2023/06/22 19:02:06 [notice] 8#8: start worker process 13
2023/06/23 19:03:49 [notice] 8#8: using the "epoll" event method
2023/06/23 19:03:49 [notice] 8#8: nginx/1.23.3
2023/06/23 19:03:49 [notice] 8#8: built by gcc 10.2.1 20210110 (Debian 10.2.1-6) 
2023/06/23 19:03:49 [notice] 8#8: OS: Linux 5.15.49-linuxkit-pr
2023/06/23 19:03:49 [notice] 8#8: getrlimit(RLIMIT_NOFILE): 1048576:1048576
2023/06/23 19:03:49 [notice] 8#8: start worker processes
2023/06/23 19:03:49 [notice] 8#8: start worker process 10
2023/06/23 19:03:49 [notice] 8#8: start worker process 11
2023/06/23 19:03:49 [notice] 8#8: start worker process 12
2023/06/23 19:03:49 [notice] 8#8: start worker process 13
2023/06/24 01:03:49 [notice] 14#14: signal process started
2023/06/24 01:03:49 [notice] 8#8: signal 1 (SIGHUP) received from 14, reconfiguring
2023/06/24 01:03:49 [notice] 8#8: reconfiguring
2023/06/24 01:03:49 [notice] 8#8: using the "epoll" event method
2023/06/24 01:03:49 [notice] 8#8: start worker processes
2023/06/24 01:03:49 [notice] 8#8: start worker process 16
2023/06/24 01:03:49 [notice] 8#8: start worker process 17
2023/06/24 01:03:49 [notice] 8#8: start worker process 18
2023/06/24 01:03:49 [notice] 8#8: start worker process 19
2023/06/24 01:03:49 [notice] 13#13: gracefully shutting down
2023/06/24 01:03:49 [notice] 11#11: gracefully shutting down
2023/06/24 01:03:49 [notice] 10#10: gracefully shutting down
2023/06/24 01:03:49 [notice] 12#12: gracefully shutting down
2023/06/24 01:03:49 [notice] 13#13: exiting
2023/06/24 01:03:49 [notice] 11#11: exiting
2023/06/24 01:03:49 [notice] 13#13: exit
2023/06/24 01:03:49 [notice] 10#10: exiting
2023/06/24 01:03:49 [notice] 12#12: exiting
2023/06/24 01:03:49 [notice] 12#12: exit
2023/06/24 01:03:49 [notice] 11#11: exit
2023/06/24 01:03:49 [notice] 10#10: exit
2023/06/24 01:03:49 [notice] 8#8: signal 17 (SIGCHLD) received from 12
2023/06/24 01:03:49 [notice] 8#8: worker process 11 exited with code 0
2023/06/24 01:03:49 [notice] 8#8: worker process 12 exited with code 0
2023/06/24 01:03:49 [notice] 8#8: worker process 13 exited with code 0
2023/06/24 01:03:49 [notice] 8#8: signal 29 (SIGIO) received
2023/06/24 01:03:49 [notice] 8#8: signal 17 (SIGCHLD) received from 11
2023/06/24 01:03:49 [notice] 8#8: signal 17 (SIGCHLD) received from 10
2023/06/24 01:03:49 [notice] 8#8: worker process 10 exited with code 0
2023/06/24 01:03:49 [notice] 8#8: signal 29 (SIGIO) received
2023/06/26 19:49:51 [notice] 8#8: using the "epoll" event method
2023/06/26 19:49:51 [notice] 8#8: nginx/1.23.3
2023/06/26 19:49:51 [notice] 8#8: built by gcc 10.2.1 20210110 (Debian 10.2.1-6) 
2023/06/26 19:49:51 [notice] 8#8: OS: Linux 5.15.49-linuxkit-pr
2023/06/26 19:49:51 [notice] 8#8: getrlimit(RLIMIT_NOFILE): 1048576:1048576
2023/06/26 19:49:51 [notice] 8#8: start worker processes
2023/06/26 19:49:51 [notice] 8#8: start worker process 10
2023/06/26 19:49:51 [notice] 8#8: start worker process 11
2023/06/26 19:49:51 [notice] 8#8: start worker process 12
2023/06/26 19:49:51 [notice] 8#8: start worker process 13
2023/06/27 17:42:33 [notice] 8#8: using the "epoll" event method
2023/06/27 17:42:33 [notice] 8#8: nginx/1.23.3
2023/06/27 17:42:33 [notice] 8#8: built by gcc 10.2.1 20210110 (Debian 10.2.1-6) 
2023/06/27 17:42:33 [notice] 8#8: OS: Linux 5.15.49-linuxkit-pr
2023/06/27 17:42:33 [notice] 8#8: getrlimit(RLIMIT_NOFILE): 1048576:1048576
2023/06/27 17:42:33 [notice] 8#8: start worker processes
2023/06/27 17:42:33 [notice] 8#8: start worker process 10
2023/06/27 17:42:33 [notice] 8#8: start worker process 11
2023/06/27 17:42:33 [notice] 8#8: start worker process 12
2023/06/27 17:42:33 [notice] 8#8: start worker process 13
2023/06/27 23:42:33 [notice] 14#14: signal process started
2023/06/27 23:42:33 [notice] 8#8: signal 1 (SIGHUP) received from 14, reconfiguring
2023/06/27 23:42:33 [notice] 8#8: reconfiguring
2023/06/27 23:42:33 [notice] 8#8: using the "epoll" event method
2023/06/27 23:42:33 [notice] 8#8: start worker processes
2023/06/27 23:42:33 [notice] 8#8: start worker process 16
2023/06/27 23:42:33 [notice] 8#8: start worker process 17
2023/06/27 23:42:33 [notice] 8#8: start worker process 18
2023/06/27 23:42:33 [notice] 8#8: start worker process 19
2023/06/27 23:42:34 [notice] 13#13: gracefully shutting down
2023/06/27 23:42:34 [notice] 10#10: gracefully shutting down
2023/06/27 23:42:34 [notice] 11#11: gracefully shutting down
2023/06/27 23:42:34 [notice] 11#11: exiting
2023/06/27 23:42:34 [notice] 12#12: gracefully shutting down
2023/06/27 23:42:34 [notice] 13#13: exiting
2023/06/27 23:42:34 [notice] 10#10: exiting
2023/06/27 23:42:34 [notice] 11#11: exit
2023/06/27 23:42:34 [notice] 12#12: exiting
2023/06/27 23:42:34 [notice] 12#12: exit
2023/06/27 23:42:34 [notice] 13#13: exit
2023/06/27 23:42:34 [notice] 10#10: exit
2023/06/27 23:42:34 [notice] 8#8: signal 17 (SIGCHLD) received from 11
2023/06/27 23:42:34 [notice] 8#8: worker process 10 exited with code 0
2023/06/27 23:42:34 [notice] 8#8: worker process 11 exited with code 0
2023/06/27 23:42:34 [notice] 8#8: worker process 12 exited with code 0
2023/06/27 23:42:34 [notice] 8#8: worker process 13 exited with code 0
2023/06/27 23:42:34 [notice] 8#8: signal 29 (SIGIO) received
2023/06/27 23:42:34 [notice] 8#8: signal 17 (SIGCHLD) received from 10
2023/06/28 16:52:55 [notice] 8#8: using the "epoll" event method
2023/06/28 16:52:55 [notice] 8#8: nginx/1.23.3
2023/06/28 16:52:55 [notice] 8#8: built by gcc 10.2.1 20210110 (Debian 10.2.1-6) 
2023/06/28 16:52:55 [notice] 8#8: OS: Linux 5.15.49-linuxkit-pr
2023/06/28 16:52:55 [notice] 8#8: getrlimit(RLIMIT_NOFILE): 1048576:1048576
2023/06/28 16:52:55 [notice] 8#8: start worker processes
2023/06/28 16:52:55 [notice] 8#8: start worker process 10
2023/06/28 16:52:55 [notice] 8#8: start worker process 11
2023/06/28 16:52:55 [notice] 8#8: start worker process 12
2023/06/28 16:52:55 [notice] 8#8: start worker process 13
2023/06/28 22:52:55 [notice] 14#14: signal process started
2023/06/28 22:52:55 [notice] 8#8: signal 1 (SIGHUP) received from 14, reconfiguring
2023/06/28 22:52:55 [notice] 8#8: reconfiguring
2023/06/28 22:52:55 [notice] 8#8: using the "epoll" event method
2023/06/28 22:52:55 [notice] 8#8: start worker processes
2023/06/28 22:52:55 [notice] 8#8: start worker process 16
2023/06/28 22:52:55 [notice] 8#8: start worker process 17
2023/06/28 22:52:55 [notice] 8#8: start worker process 18
2023/06/28 22:52:55 [notice] 8#8: start worker process 19
2023/06/28 22:52:56 [notice] 12#12: gracefully shutting down
2023/06/28 22:52:56 [notice] 13#13: gracefully shutting down
2023/06/28 22:52:56 [notice] 10#10: gracefully shutting down
2023/06/28 22:52:56 [notice] 11#11: gracefully shutting down
2023/06/28 22:52:56 [notice] 12#12: exiting
2023/06/28 22:52:56 [notice] 13#13: exiting
2023/06/28 22:52:56 [notice] 13#13: exit
2023/06/28 22:52:56 [notice] 10#10: exiting
2023/06/28 22:52:56 [notice] 11#11: exiting
2023/06/28 22:52:56 [notice] 12#12: exit
2023/06/28 22:52:56 [notice] 10#10: exit
2023/06/28 22:52:56 [notice] 11#11: exit
2023/06/28 22:52:56 [notice] 8#8: signal 17 (SIGCHLD) received from 10
2023/06/28 22:52:56 [notice] 8#8: worker process 10 exited with code 0
2023/06/28 22:52:56 [notice] 8#8: worker process 11 exited with code 0
2023/06/28 22:52:56 [notice] 8#8: worker process 12 exited with code 0
2023/06/28 22:52:56 [notice] 8#8: worker process 13 exited with code 0
2023/06/28 22:52:56 [notice] 8#8: signal 29 (SIGIO) received
2023/06/28 22:52:56 [notice] 8#8: signal 17 (SIGCHLD) received from 13
2023/06/29 15:57:04 [notice] 8#8: using the "epoll" event method
2023/06/29 15:57:04 [notice] 8#8: nginx/1.23.3
2023/06/29 15:57:04 [notice] 8#8: built by gcc 10.2.1 20210110 (Debian 10.2.1-6) 
2023/06/29 15:57:04 [notice] 8#8: OS: Linux 5.15.49-linuxkit-pr
2023/06/29 15:57:04 [notice] 8#8: getrlimit(RLIMIT_NOFILE): 1048576:1048576
2023/06/29 15:57:04 [notice] 8#8: start worker processes
2023/06/29 15:57:04 [notice] 8#8: start worker process 10
2023/06/29 15:57:04 [notice] 8#8: start worker process 11
2023/06/29 15:57:04 [notice] 8#8: start worker process 12
2023/06/29 15:57:04 [notice] 8#8: start worker process 13
2023/07/03 15:20:36 [notice] 8#8: using the "epoll" event method
2023/07/03 15:20:36 [notice] 8#8: nginx/1.23.3
2023/07/03 15:20:36 [notice] 8#8: built by gcc 10.2.1 20210110 (Debian 10.2.1-6) 
2023/07/03 15:20:36 [notice] 8#8: OS: Linux 5.15.49-linuxkit-pr
2023/07/03 15:20:36 [notice] 8#8: getrlimit(RLIMIT_NOFILE): 1048576:1048576
2023/07/03 15:20:36 [notice] 8#8: start worker processes
2023/07/03 15:20:36 [notice] 8#8: start worker process 10
2023/07/03 15:20:36 [notice] 8#8: start worker process 11
2023/07/03 15:20:36 [notice] 8#8: start worker process 12
2023/07/03 15:20:36 [notice] 8#8: start worker process 13
2023/07/03 23:03:37 [notice] 9#9: using the "epoll" event method
2023/07/03 23:03:37 [notice] 9#9: nginx/1.23.3
2023/07/03 23:03:37 [notice] 9#9: built by gcc 10.2.1 20210110 (Debian 10.2.1-6) 
2023/07/03 23:03:37 [notice] 9#9: OS: Linux 5.15.49-linuxkit-pr
2023/07/03 23:03:37 [notice] 9#9: getrlimit(RLIMIT_NOFILE): 1048576:1048576
2023/07/03 23:03:37 [notice] 9#9: start worker processes
2023/07/03 23:03:37 [notice] 9#9: start worker process 10
2023/07/03 23:03:37 [notice] 9#9: start worker process 11
2023/07/03 23:03:37 [notice] 9#9: start worker process 12
2023/07/03 23:03:37 [notice] 9#9: start worker process 13
2023/07/04 18:24:43 [notice] 8#8: using the "epoll" event method
2023/07/04 18:24:43 [notice] 8#8: nginx/1.23.3
2023/07/04 18:24:43 [notice] 8#8: built by gcc 10.2.1 20210110 (Debian 10.2.1-6) 
2023/07/04 18:24:43 [notice] 8#8: OS: Linux 5.15.49-linuxkit-pr
2023/07/04 18:24:43 [notice] 8#8: getrlimit(RLIMIT_NOFILE): 1048576:1048576
2023/07/04 18:24:43 [notice] 8#8: start worker processes
2023/07/04 18:24:43 [notice] 8#8: start worker process 10
2023/07/04 18:24:43 [notice] 8#8: start worker process 11
2023/07/04 18:24:43 [notice] 8#8: start worker process 12
2023/07/04 18:24:43 [notice] 8#8: start worker process 13
2023/07/05 00:24:43 [notice] 14#14: signal process started
2023/07/05 00:24:43 [notice] 8#8: signal 1 (SIGHUP) received from 14, reconfiguring
2023/07/05 00:24:43 [notice] 8#8: reconfiguring
2023/07/05 00:24:43 [notice] 8#8: using the "epoll" event method
2023/07/05 00:24:43 [notice] 8#8: start worker processes
2023/07/05 00:24:43 [notice] 8#8: start worker process 16
2023/07/05 00:24:43 [notice] 8#8: start worker process 17
2023/07/05 00:24:43 [notice] 8#8: start worker process 18
2023/07/05 00:24:43 [notice] 8#8: start worker process 19
2023/07/05 00:24:43 [notice] 12#12: gracefully shutting down
2023/07/05 00:24:43 [notice] 13#13: gracefully shutting down
2023/07/05 00:24:43 [notice] 10#10: gracefully shutting down
2023/07/05 00:24:43 [notice] 11#11: gracefully shutting down
2023/07/05 00:24:43 [notice] 12#12: exiting
2023/07/05 00:24:43 [notice] 13#13: exiting
2023/07/05 00:24:43 [notice] 10#10: exiting
2023/07/05 00:24:43 [notice] 12#12: exit
2023/07/05 00:24:43 [notice] 10#10: exit
2023/07/05 00:24:43 [notice] 11#11: exiting
2023/07/05 00:24:43 [notice] 13#13: exit
2023/07/05 00:24:43 [notice] 11#11: exit
2023/07/05 00:24:43 [notice] 8#8: signal 17 (SIGCHLD) received from 12
2023/07/05 00:24:43 [notice] 8#8: worker process 10 exited with code 0
2023/07/05 00:24:43 [notice] 8#8: worker process 11 exited with code 0
2023/07/05 00:24:43 [notice] 8#8: worker process 12 exited with code 0
2023/07/05 00:24:43 [notice] 8#8: worker process 13 exited with code 0
2023/07/05 00:24:43 [notice] 8#8: signal 29 (SIGIO) received
2023/07/05 00:24:43 [notice] 8#8: signal 17 (SIGCHLD) received from 11
2023/07/10 22:28:41 [notice] 8#8: using the "epoll" event method
2023/07/10 22:28:41 [notice] 8#8: nginx/1.23.3
2023/07/10 22:28:41 [notice] 8#8: built by gcc 10.2.1 20210110 (Debian 10.2.1-6) 
2023/07/10 22:28:41 [notice] 8#8: OS: Linux 5.15.49-linuxkit-pr
2023/07/10 22:28:41 [notice] 8#8: getrlimit(RLIMIT_NOFILE): 1048576:1048576
2023/07/10 22:28:41 [notice] 8#8: start worker processes
2023/07/10 22:28:41 [notice] 8#8: start worker process 10
2023/07/10 22:28:41 [notice] 8#8: start worker process 11
2023/07/10 22:28:41 [notice] 8#8: start worker process 12
2023/07/10 22:28:41 [notice] 8#8: start worker process 13
2023/07/11 22:45:51 [notice] 8#8: using the "epoll" event method
2023/07/11 22:45:51 [notice] 8#8: nginx/1.23.3
2023/07/11 22:45:51 [notice] 8#8: built by gcc 10.2.1 20210110 (Debian 10.2.1-6) 
2023/07/11 22:45:51 [notice] 8#8: OS: Linux 5.15.49-linuxkit-pr
2023/07/11 22:45:51 [notice] 8#8: getrlimit(RLIMIT_NOFILE): 1048576:1048576
2023/07/11 22:45:51 [notice] 8#8: start worker processes
2023/07/11 22:45:51 [notice] 8#8: start worker process 10
2023/07/11 22:45:51 [notice] 8#8: start worker process 11
2023/07/11 22:45:51 [notice] 8#8: start worker process 12
2023/07/11 22:45:51 [notice] 8#8: start worker process 13
2023/07/13 00:39:21 [notice] 8#8: using the "epoll" event method
2023/07/13 00:39:21 [notice] 8#8: nginx/1.23.3
2023/07/13 00:39:21 [notice] 8#8: built by gcc 10.2.1 20210110 (Debian 10.2.1-6) 
2023/07/13 00:39:21 [notice] 8#8: OS: Linux 5.15.49-linuxkit-pr
2023/07/13 00:39:21 [notice] 8#8: getrlimit(RLIMIT_NOFILE): 1048576:1048576
2023/07/13 00:39:21 [notice] 8#8: start worker processes
2023/07/13 00:39:21 [notice] 8#8: start worker process 10
2023/07/13 00:39:21 [notice] 8#8: start worker process 11
2023/07/13 00:39:21 [notice] 8#8: start worker process 12
2023/07/13 00:39:21 [notice] 8#8: start worker process 13
2023/07/13 22:24:36 [notice] 8#8: using the "epoll" event method
2023/07/13 22:24:36 [notice] 8#8: nginx/1.23.3
2023/07/13 22:24:36 [notice] 8#8: built by gcc 10.2.1 20210110 (Debian 10.2.1-6) 
2023/07/13 22:24:36 [notice] 8#8: OS: Linux 5.15.49-linuxkit-pr
2023/07/13 22:24:36 [notice] 8#8: getrlimit(RLIMIT_NOFILE): 1048576:1048576
2023/07/13 22:24:36 [notice] 8#8: start worker processes
2023/07/13 22:24:36 [notice] 8#8: start worker process 10
2023/07/13 22:24:36 [notice] 8#8: start worker process 11
2023/07/13 22:24:36 [notice] 8#8: start worker process 12
2023/07/13 22:24:36 [notice] 8#8: start worker process 13
2023/07/14 18:34:17 [notice] 8#8: using the "epoll" event method
2023/07/14 18:34:17 [notice] 8#8: nginx/1.23.3
2023/07/14 18:34:17 [notice] 8#8: built by gcc 10.2.1 20210110 (Debian 10.2.1-6) 
2023/07/14 18:34:17 [notice] 8#8: OS: Linux 5.15.49-linuxkit-pr
2023/07/14 18:34:17 [notice] 8#8: getrlimit(RLIMIT_NOFILE): 1048576:1048576
2023/07/14 18:34:17 [notice] 8#8: start worker processes
2023/07/14 18:34:17 [notice] 8#8: start worker process 10
2023/07/14 18:34:17 [notice] 8#8: start worker process 11
2023/07/14 18:34:17 [notice] 8#8: start worker process 12
2023/07/14 18:34:17 [notice] 8#8: start worker process 13
2023/07/15 00:34:17 [notice] 14#14: signal process started
2023/07/15 00:34:17 [notice] 8#8: signal 1 (SIGHUP) received from 14, reconfiguring
2023/07/15 00:34:17 [notice] 8#8: reconfiguring
2023/07/15 00:34:17 [notice] 8#8: using the "epoll" event method
2023/07/15 00:34:17 [notice] 8#8: start worker processes
2023/07/15 00:34:17 [notice] 8#8: start worker process 16
2023/07/15 00:34:17 [notice] 8#8: start worker process 17
2023/07/15 00:34:17 [notice] 8#8: start worker process 18
2023/07/15 00:34:17 [notice] 8#8: start worker process 19
2023/07/15 00:34:17 [notice] 13#13: gracefully shutting down
2023/07/15 00:34:17 [notice] 13#13: exiting
2023/07/15 00:34:17 [notice] 10#10: gracefully shutting down
2023/07/15 00:34:17 [notice] 11#11: gracefully shutting down
2023/07/15 00:34:17 [notice] 12#12: gracefully shutting down
2023/07/15 00:34:17 [notice] 13#13: exit
2023/07/15 00:34:17 [notice] 10#10: exiting
2023/07/15 00:34:17 [notice] 11#11: exiting
2023/07/15 00:34:17 [notice] 12#12: exiting
2023/07/15 00:34:17 [notice] 12#12: exit
2023/07/15 00:34:17 [notice] 10#10: exit
2023/07/15 00:34:17 [notice] 11#11: exit
2023/07/15 00:34:17 [notice] 8#8: signal 17 (SIGCHLD) received from 10
2023/07/15 00:34:17 [notice] 8#8: worker process 10 exited with code 0
2023/07/15 00:34:17 [notice] 8#8: signal 29 (SIGIO) received
2023/07/15 00:34:17 [notice] 8#8: signal 17 (SIGCHLD) received from 12
2023/07/15 00:34:17 [notice] 8#8: worker process 12 exited with code 0
2023/07/15 00:34:17 [notice] 8#8: signal 29 (SIGIO) received
2023/07/15 00:34:17 [notice] 8#8: signal 17 (SIGCHLD) received from 13
2023/07/15 00:34:17 [notice] 8#8: worker process 13 exited with code 0
2023/07/15 00:34:17 [notice] 8#8: worker process 11 exited with code 0
2023/07/15 00:34:17 [notice] 8#8: signal 29 (SIGIO) received
2023/07/15 00:34:17 [notice] 8#8: signal 17 (SIGCHLD) received from 11
2023/07/18 17:57:47 [notice] 9#9: using the "epoll" event method
2023/07/18 17:57:47 [notice] 9#9: nginx/1.23.3
2023/07/18 17:57:47 [notice] 9#9: built by gcc 10.2.1 20210110 (Debian 10.2.1-6) 
2023/07/18 17:57:47 [notice] 9#9: OS: Linux 5.15.49-linuxkit-pr
2023/07/18 17:57:47 [notice] 9#9: getrlimit(RLIMIT_NOFILE): 1048576:1048576
2023/07/18 17:57:47 [notice] 9#9: start worker processes
2023/07/18 17:57:47 [notice] 9#9: start worker process 11
2023/07/18 17:57:47 [notice] 9#9: start worker process 12
2023/07/18 17:57:47 [notice] 9#9: start worker process 13
2023/07/18 17:57:47 [notice] 9#9: start worker process 14
2023/07/18 23:57:47 [notice] 15#15: signal process started
2023/07/18 23:57:47 [notice] 9#9: signal 1 (SIGHUP) received from 15, reconfiguring
2023/07/18 23:57:47 [notice] 9#9: reconfiguring
2023/07/18 23:57:47 [notice] 9#9: using the "epoll" event method
2023/07/18 23:57:47 [notice] 9#9: start worker processes
2023/07/18 23:57:47 [notice] 9#9: start worker process 17
2023/07/18 23:57:47 [notice] 9#9: start worker process 18
2023/07/18 23:57:47 [notice] 9#9: start worker process 19
2023/07/18 23:57:47 [notice] 9#9: start worker process 20
2023/07/18 23:57:47 [notice] 11#11: gracefully shutting down
2023/07/18 23:57:47 [notice] 14#14: gracefully shutting down
2023/07/18 23:57:47 [notice] 12#12: gracefully shutting down
2023/07/18 23:57:47 [notice] 13#13: gracefully shutting down
2023/07/18 23:57:47 [notice] 11#11: exiting
2023/07/18 23:57:47 [notice] 13#13: exiting
2023/07/18 23:57:47 [notice] 14#14: exiting
2023/07/18 23:57:47 [notice] 11#11: exit
2023/07/18 23:57:47 [notice] 14#14: exit
2023/07/18 23:57:47 [notice] 12#12: exiting
2023/07/18 23:57:47 [notice] 13#13: exit
2023/07/18 23:57:47 [notice] 12#12: exit
2023/07/18 23:57:47 [notice] 9#9: signal 17 (SIGCHLD) received from 13
2023/07/18 23:57:47 [notice] 9#9: worker process 12 exited with code 0
2023/07/18 23:57:47 [notice] 9#9: worker process 13 exited with code 0
2023/07/18 23:57:47 [notice] 9#9: signal 29 (SIGIO) received
2023/07/18 23:57:47 [notice] 9#9: signal 17 (SIGCHLD) received from 11
2023/07/18 23:57:47 [notice] 9#9: worker process 11 exited with code 0
2023/07/18 23:57:47 [notice] 9#9: signal 29 (SIGIO) received
2023/07/18 23:57:47 [notice] 9#9: signal 17 (SIGCHLD) received from 14
2023/07/18 23:57:47 [notice] 9#9: worker process 14 exited with code 0
2023/07/18 23:57:47 [notice] 9#9: signal 29 (SIGIO) received
2023/07/19 18:16:53 [notice] 8#8: using the "epoll" event method
2023/07/19 18:16:53 [notice] 8#8: nginx/1.23.3
2023/07/19 18:16:53 [notice] 8#8: built by gcc 10.2.1 20210110 (Debian 10.2.1-6) 
2023/07/19 18:16:53 [notice] 8#8: OS: Linux 5.15.49-linuxkit-pr
2023/07/19 18:16:53 [notice] 8#8: getrlimit(RLIMIT_NOFILE): 1048576:1048576
2023/07/19 18:16:53 [notice] 8#8: start worker processes
2023/07/19 18:16:53 [notice] 8#8: start worker process 10
2023/07/19 18:16:53 [notice] 8#8: start worker process 11
2023/07/19 18:16:53 [notice] 8#8: start worker process 12
2023/07/19 18:16:53 [notice] 8#8: start worker process 13
2023/07/20 18:32:25 [notice] 7#7: using the "epoll" event method
2023/07/20 18:32:25 [notice] 7#7: nginx/1.23.3
2023/07/20 18:32:25 [notice] 7#7: built by gcc 10.2.1 20210110 (Debian 10.2.1-6) 
2023/07/20 18:32:25 [notice] 7#7: OS: Linux 5.15.49-linuxkit-pr
2023/07/20 18:32:25 [notice] 7#7: getrlimit(RLIMIT_NOFILE): 1048576:1048576
2023/07/20 18:32:25 [notice] 7#7: start worker processes
2023/07/20 18:32:25 [notice] 7#7: start worker process 9
2023/07/20 18:32:25 [notice] 7#7: start worker process 10
2023/07/20 18:32:25 [notice] 7#7: start worker process 11
2023/07/20 18:32:25 [notice] 7#7: start worker process 12
2023/07/21 00:32:25 [notice] 13#13: signal process started
2023/07/21 00:32:25 [notice] 7#7: signal 1 (SIGHUP) received from 13, reconfiguring
2023/07/21 00:32:25 [notice] 7#7: reconfiguring
2023/07/21 00:32:25 [notice] 7#7: using the "epoll" event method
2023/07/21 00:32:25 [notice] 7#7: start worker processes
2023/07/21 00:32:25 [notice] 7#7: start worker process 15
2023/07/21 00:32:25 [notice] 7#7: start worker process 16
2023/07/21 00:32:25 [notice] 7#7: start worker process 17
2023/07/21 00:32:25 [notice] 7#7: start worker process 18
2023/07/21 00:32:25 [notice] 12#12: gracefully shutting down
2023/07/21 00:32:25 [notice] 11#11: gracefully shutting down
2023/07/21 00:32:25 [notice] 9#9: gracefully shutting down
2023/07/21 00:32:25 [notice] 10#10: gracefully shutting down
2023/07/21 00:32:25 [notice] 12#12: exiting
2023/07/21 00:32:25 [notice] 11#11: exiting
2023/07/21 00:32:25 [notice] 12#12: exit
2023/07/21 00:32:25 [notice] 9#9: exiting
2023/07/21 00:32:25 [notice] 11#11: exit
2023/07/21 00:32:25 [notice] 9#9: exit
2023/07/21 00:32:25 [notice] 7#7: signal 17 (SIGCHLD) received from 11
2023/07/21 00:32:25 [notice] 7#7: worker process 11 exited with code 0
2023/07/21 00:32:25 [notice] 7#7: worker process 12 exited with code 0
2023/07/21 00:32:25 [notice] 7#7: signal 29 (SIGIO) received
2023/07/21 00:32:25 [notice] 7#7: signal 17 (SIGCHLD) received from 9
2023/07/21 00:32:25 [notice] 7#7: worker process 9 exited with code 0
2023/07/21 00:32:25 [notice] 7#7: signal 29 (SIGIO) received
2023/07/21 00:32:29 [notice] 10#10: exiting
2023/07/21 00:32:29 [notice] 10#10: exit
2023/07/21 00:32:29 [notice] 7#7: signal 17 (SIGCHLD) received from 10
2023/07/21 00:32:29 [notice] 7#7: worker process 10 exited with code 0
2023/07/21 00:32:29 [notice] 7#7: signal 29 (SIGIO) received
2023/07/27 22:54:52 [notice] 8#8: using the "epoll" event method
2023/07/27 22:54:52 [notice] 8#8: nginx/1.23.3
2023/07/27 22:54:52 [notice] 8#8: built by gcc 10.2.1 20210110 (Debian 10.2.1-6) 
2023/07/27 22:54:52 [notice] 8#8: OS: Linux 5.15.49-linuxkit-pr
2023/07/27 22:54:52 [notice] 8#8: getrlimit(RLIMIT_NOFILE): 1048576:1048576
2023/07/27 22:54:52 [notice] 8#8: start worker processes
2023/07/27 22:54:52 [notice] 8#8: start worker process 10
2023/07/27 22:54:52 [notice] 8#8: start worker process 11
2023/07/27 22:54:52 [notice] 8#8: start worker process 12
2023/07/27 22:54:52 [notice] 8#8: start worker process 13
2023/07/28 23:03:09 [notice] 8#8: using the "epoll" event method
2023/07/28 23:03:09 [notice] 8#8: nginx/1.23.3
2023/07/28 23:03:09 [notice] 8#8: built by gcc 10.2.1 20210110 (Debian 10.2.1-6) 
2023/07/28 23:03:09 [notice] 8#8: OS: Linux 5.15.49-linuxkit-pr
2023/07/28 23:03:09 [notice] 8#8: getrlimit(RLIMIT_NOFILE): 1048576:1048576
2023/07/28 23:03:09 [notice] 8#8: start worker processes
2023/07/28 23:03:09 [notice] 8#8: start worker process 10
2023/07/28 23:03:09 [notice] 8#8: start worker process 11
2023/07/28 23:03:09 [notice] 8#8: start worker process 12
2023/07/28 23:03:09 [notice] 8#8: start worker process 13
2023/08/01 23:45:53 [notice] 8#8: using the "epoll" event method
2023/08/01 23:45:53 [notice] 8#8: nginx/1.23.3
2023/08/01 23:45:53 [notice] 8#8: built by gcc 10.2.1 20210110 (Debian 10.2.1-6) 
2023/08/01 23:45:53 [notice] 8#8: OS: Linux 5.15.49-linuxkit-pr
2023/08/01 23:45:53 [notice] 8#8: getrlimit(RLIMIT_NOFILE): 1048576:1048576
2023/08/01 23:45:53 [notice] 8#8: start worker processes
2023/08/01 23:45:53 [notice] 8#8: start worker process 10
2023/08/01 23:45:53 [notice] 8#8: start worker process 11
2023/08/01 23:45:53 [notice] 8#8: start worker process 12
2023/08/01 23:45:53 [notice] 8#8: start worker process 13
2023/08/02 23:04:54 [notice] 8#8: using the "epoll" event method
2023/08/02 23:04:54 [notice] 8#8: nginx/1.23.3
2023/08/02 23:04:54 [notice] 8#8: built by gcc 10.2.1 20210110 (Debian 10.2.1-6) 
2023/08/02 23:04:54 [notice] 8#8: OS: Linux 5.15.49-linuxkit-pr
2023/08/02 23:04:54 [notice] 8#8: getrlimit(RLIMIT_NOFILE): 1048576:1048576
2023/08/02 23:04:54 [notice] 8#8: start worker processes
2023/08/02 23:04:54 [notice] 8#8: start worker process 10
2023/08/02 23:04:54 [notice] 8#8: start worker process 11
2023/08/02 23:04:54 [notice] 8#8: start worker process 12
2023/08/02 23:04:54 [notice] 8#8: start worker process 13
2023/08/03 17:14:55 [notice] 8#8: using the "epoll" event method
2023/08/03 17:14:55 [notice] 8#8: nginx/1.23.3
2023/08/03 17:14:55 [notice] 8#8: built by gcc 10.2.1 20210110 (Debian 10.2.1-6) 
2023/08/03 17:14:55 [notice] 8#8: OS: Linux 5.15.49-linuxkit-pr
2023/08/03 17:14:55 [notice] 8#8: getrlimit(RLIMIT_NOFILE): 1048576:1048576
2023/08/03 17:14:55 [notice] 8#8: start worker processes
2023/08/03 17:14:55 [notice] 8#8: start worker process 10
2023/08/03 17:14:55 [notice] 8#8: start worker process 11
2023/08/03 17:14:55 [notice] 8#8: start worker process 12
2023/08/03 17:14:55 [notice] 8#8: start worker process 13
2023/08/16 15:30:45 [notice] 8#8: using the "epoll" event method
2023/08/16 15:30:45 [notice] 8#8: nginx/1.23.3
2023/08/16 15:30:45 [notice] 8#8: built by gcc 10.2.1 20210110 (Debian 10.2.1-6) 
2023/08/16 15:30:45 [notice] 8#8: OS: Linux 5.15.49-linuxkit-pr
2023/08/16 15:30:45 [notice] 8#8: getrlimit(RLIMIT_NOFILE): 1048576:1048576
2023/08/16 15:30:45 [notice] 8#8: start worker processes
2023/08/16 15:30:45 [notice] 8#8: start worker process 10
2023/08/16 15:30:45 [notice] 8#8: start worker process 11
2023/08/16 15:30:45 [notice] 8#8: start worker process 12
2023/08/16 15:30:45 [notice] 8#8: start worker process 13
2023/08/19 00:10:57 [notice] 8#8: using the "epoll" event method
2023/08/19 00:10:57 [notice] 8#8: nginx/1.23.3
2023/08/19 00:10:57 [notice] 8#8: built by gcc 10.2.1 20210110 (Debian 10.2.1-6) 
2023/08/19 00:10:57 [notice] 8#8: OS: Linux 5.15.49-linuxkit-pr
2023/08/19 00:10:57 [notice] 8#8: getrlimit(RLIMIT_NOFILE): 1048576:1048576
2023/08/19 00:10:57 [notice] 8#8: start worker processes
2023/08/19 00:10:57 [notice] 8#8: start worker process 10
2023/08/19 00:10:57 [notice] 8#8: start worker process 11
2023/08/19 00:10:57 [notice] 8#8: start worker process 12
2023/08/19 00:10:57 [notice] 8#8: start worker process 13
2023/08/31 00:12:57 [notice] 8#8: using the "epoll" event method
2023/08/31 00:12:57 [notice] 8#8: nginx/1.23.3
2023/08/31 00:12:57 [notice] 8#8: built by gcc 10.2.1 20210110 (Debian 10.2.1-6) 
2023/08/31 00:12:57 [notice] 8#8: OS: Linux 5.15.49-linuxkit-pr
2023/08/31 00:12:57 [notice] 8#8: getrlimit(RLIMIT_NOFILE): 1048576:1048576
2023/08/31 00:12:57 [notice] 8#8: start worker processes
2023/08/31 00:12:57 [notice] 8#8: start worker process 10
2023/08/31 00:12:57 [notice] 8#8: start worker process 11
2023/08/31 00:12:57 [notice] 8#8: start worker process 12
2023/08/31 00:12:57 [notice] 8#8: start worker process 13
2023/09/01 23:17:33 [notice] 7#7: using the "epoll" event method
2023/09/01 23:17:33 [notice] 7#7: nginx/1.23.3
2023/09/01 23:17:33 [notice] 7#7: built by gcc 10.2.1 20210110 (Debian 10.2.1-6) 
2023/09/01 23:17:33 [notice] 7#7: OS: Linux 5.15.49-linuxkit-pr
2023/09/01 23:17:33 [notice] 7#7: getrlimit(RLIMIT_NOFILE): 1048576:1048576
2023/09/01 23:17:33 [notice] 7#7: start worker processes
2023/09/01 23:17:33 [notice] 7#7: start worker process 9
2023/09/01 23:17:33 [notice] 7#7: start worker process 10
2023/09/01 23:17:33 [notice] 7#7: start worker process 11
2023/09/01 23:17:33 [notice] 7#7: start worker process 12
2023/09/04 19:18:40 [notice] 8#8: using the "epoll" event method
2023/09/04 19:18:40 [notice] 8#8: nginx/1.23.3
2023/09/04 19:18:40 [notice] 8#8: built by gcc 10.2.1 20210110 (Debian 10.2.1-6) 
2023/09/04 19:18:40 [notice] 8#8: OS: Linux 5.15.49-linuxkit-pr
2023/09/04 19:18:40 [notice] 8#8: getrlimit(RLIMIT_NOFILE): 1048576:1048576
2023/09/04 19:18:40 [notice] 8#8: start worker processes
2023/09/04 19:18:40 [notice] 8#8: start worker process 10
2023/09/04 19:18:40 [notice] 8#8: start worker process 11
2023/09/04 19:18:40 [notice] 8#8: start worker process 12
2023/09/04 19:18:40 [notice] 8#8: start worker process 13
2023/09/05 22:22:14 [notice] 8#8: using the "epoll" event method
2023/09/05 22:22:14 [notice] 8#8: nginx/1.23.3
2023/09/05 22:22:14 [notice] 8#8: built by gcc 10.2.1 20210110 (Debian 10.2.1-6) 
2023/09/05 22:22:14 [notice] 8#8: OS: Linux 5.15.49-linuxkit-pr
2023/09/05 22:22:14 [notice] 8#8: getrlimit(RLIMIT_NOFILE): 1048576:1048576
2023/09/05 22:22:14 [notice] 8#8: start worker processes
2023/09/05 22:22:14 [notice] 8#8: start worker process 10
2023/09/05 22:22:14 [notice] 8#8: start worker process 11
2023/09/05 22:22:14 [notice] 8#8: start worker process 12
2023/09/05 22:22:14 [notice] 8#8: start worker process 13
2023/09/18 18:51:08 [notice] 8#8: using the "epoll" event method
2023/09/18 18:51:08 [notice] 8#8: nginx/1.23.3
2023/09/18 18:51:08 [notice] 8#8: built by gcc 10.2.1 20210110 (Debian 10.2.1-6) 
2023/09/18 18:51:08 [notice] 8#8: OS: Linux 5.15.49-linuxkit-pr
2023/09/18 18:51:08 [notice] 8#8: getrlimit(RLIMIT_NOFILE): 1048576:1048576
2023/09/18 18:51:08 [notice] 8#8: start worker processes
2023/09/18 18:51:08 [notice] 8#8: start worker process 10
2023/09/18 18:51:08 [notice] 8#8: start worker process 11
2023/09/18 18:51:08 [notice] 8#8: start worker process 12
2023/09/18 18:51:08 [notice] 8#8: start worker process 13
2023/09/19 18:22:35 [notice] 9#9: using the "epoll" event method
2023/09/19 18:22:35 [notice] 9#9: nginx/1.23.3
2023/09/19 18:22:35 [notice] 9#9: built by gcc 10.2.1 20210110 (Debian 10.2.1-6) 
2023/09/19 18:22:35 [notice] 9#9: OS: Linux 5.15.49-linuxkit-pr
2023/09/19 18:22:35 [notice] 9#9: getrlimit(RLIMIT_NOFILE): 1048576:1048576
2023/09/19 18:22:35 [notice] 9#9: start worker processes
2023/09/19 18:22:35 [notice] 9#9: start worker process 11
2023/09/19 18:22:35 [notice] 9#9: start worker process 12
2023/09/19 18:22:35 [notice] 9#9: start worker process 13
2023/09/19 18:22:35 [notice] 9#9: start worker process 14
2023/09/25 22:45:35 [notice] 8#8: using the "epoll" event method
2023/09/25 22:45:35 [notice] 8#8: nginx/1.23.3
2023/09/25 22:45:35 [notice] 8#8: built by gcc 10.2.1 20210110 (Debian 10.2.1-6) 
2023/09/25 22:45:35 [notice] 8#8: OS: Linux 5.15.49-linuxkit-pr
2023/09/25 22:45:35 [notice] 8#8: getrlimit(RLIMIT_NOFILE): 1048576:1048576
2023/09/25 22:45:35 [notice] 8#8: start worker processes
2023/09/25 22:45:35 [notice] 8#8: start worker process 10
2023/09/25 22:45:35 [notice] 8#8: start worker process 11
2023/09/25 22:45:35 [notice] 8#8: start worker process 12
2023/09/25 22:45:35 [notice] 8#8: start worker process 13
2023/09/26 23:05:23 [notice] 8#8: using the "epoll" event method
2023/09/26 23:05:23 [notice] 8#8: nginx/1.23.3
2023/09/26 23:05:23 [notice] 8#8: built by gcc 10.2.1 20210110 (Debian 10.2.1-6) 
2023/09/26 23:05:23 [notice] 8#8: OS: Linux 5.15.49-linuxkit-pr
2023/09/26 23:05:23 [notice] 8#8: getrlimit(RLIMIT_NOFILE): 1048576:1048576
2023/09/26 23:05:23 [notice] 8#8: start worker processes
2023/09/26 23:05:23 [notice] 8#8: start worker process 10
2023/09/26 23:05:23 [notice] 8#8: start worker process 11
2023/09/26 23:05:23 [notice] 8#8: start worker process 12
2023/09/26 23:05:23 [notice] 8#8: start worker process 13
2023/09/27 23:18:42 [notice] 8#8: using the "epoll" event method
2023/09/27 23:18:42 [notice] 8#8: nginx/1.23.3
2023/09/27 23:18:42 [notice] 8#8: built by gcc 10.2.1 20210110 (Debian 10.2.1-6) 
2023/09/27 23:18:42 [notice] 8#8: OS: Linux 5.15.49-linuxkit-pr
2023/09/27 23:18:42 [notice] 8#8: getrlimit(RLIMIT_NOFILE): 1048576:1048576
2023/09/27 23:18:42 [notice] 8#8: start worker processes
2023/09/27 23:18:42 [notice] 8#8: start worker process 10
2023/09/27 23:18:42 [notice] 8#8: start worker process 11
2023/09/27 23:18:42 [notice] 8#8: start worker process 12
2023/09/27 23:18:42 [notice] 8#8: start worker process 13
2023/09/28 22:28:45 [notice] 8#8: using the "epoll" event method
2023/09/28 22:28:45 [notice] 8#8: nginx/1.23.3
2023/09/28 22:28:45 [notice] 8#8: built by gcc 10.2.1 20210110 (Debian 10.2.1-6) 
2023/09/28 22:28:45 [notice] 8#8: OS: Linux 5.15.49-linuxkit-pr
2023/09/28 22:28:45 [notice] 8#8: getrlimit(RLIMIT_NOFILE): 1048576:1048576
2023/09/28 22:28:45 [notice] 8#8: start worker processes
2023/09/28 22:28:45 [notice] 8#8: start worker process 10
2023/09/28 22:28:45 [notice] 8#8: start worker process 11
2023/09/28 22:28:45 [notice] 8#8: start worker process 12
2023/09/28 22:28:45 [notice] 8#8: start worker process 13
2023/10/02 22:11:59 [notice] 8#8: using the "epoll" event method
2023/10/02 22:11:59 [notice] 8#8: nginx/1.23.3
2023/10/02 22:11:59 [notice] 8#8: built by gcc 10.2.1 20210110 (Debian 10.2.1-6) 
2023/10/02 22:11:59 [notice] 8#8: OS: Linux 5.15.49-linuxkit-pr
2023/10/02 22:11:59 [notice] 8#8: getrlimit(RLIMIT_NOFILE): 1048576:1048576
2023/10/02 22:11:59 [notice] 8#8: start worker processes
2023/10/02 22:11:59 [notice] 8#8: start worker process 10
2023/10/02 22:11:59 [notice] 8#8: start worker process 11
2023/10/02 22:11:59 [notice] 8#8: start worker process 12
2023/10/02 22:11:59 [notice] 8#8: start worker process 13
2023/10/02 23:08:46 [notice] 8#8: using the "epoll" event method
2023/10/02 23:08:46 [notice] 8#8: nginx/1.23.3
2023/10/02 23:08:46 [notice] 8#8: built by gcc 10.2.1 20210110 (Debian 10.2.1-6) 
2023/10/02 23:08:46 [notice] 8#8: OS: Linux 5.15.49-linuxkit-pr
2023/10/02 23:08:46 [notice] 8#8: getrlimit(RLIMIT_NOFILE): 1048576:1048576
2023/10/02 23:08:46 [notice] 8#8: start worker processes
2023/10/02 23:08:46 [notice] 8#8: start worker process 10
2023/10/02 23:08:46 [notice] 8#8: start worker process 11
2023/10/02 23:08:46 [notice] 8#8: start worker process 12
2023/10/02 23:08:46 [notice] 8#8: start worker process 13
2023/10/02 23:30:20 [notice] 9#9: using the "epoll" event method
2023/10/02 23:30:20 [notice] 9#9: nginx/1.23.3
2023/10/02 23:30:20 [notice] 9#9: built by gcc 10.2.1 20210110 (Debian 10.2.1-6) 
2023/10/02 23:30:20 [notice] 9#9: OS: Linux 5.15.49-linuxkit-pr
2023/10/02 23:30:20 [notice] 9#9: getrlimit(RLIMIT_NOFILE): 1048576:1048576
2023/10/02 23:30:20 [notice] 9#9: start worker processes
2023/10/02 23:30:20 [notice] 9#9: start worker process 10
2023/10/02 23:30:20 [notice] 9#9: start worker process 11
2023/10/02 23:30:20 [notice] 9#9: start worker process 12
2023/10/02 23:30:20 [notice] 9#9: start worker process 13
